[E:0d6faf6c-cc49-4620-b622-b2e1a5f4daa1][T:2025-10-02 23:38:17.842876][U:admin@ornl.gov][A:train.deploy]
[E:93ddbc54-1de8-4905-b7eb-34e3c0033559][T:2025-10-02 23:38:20.880636][U:][A:train.start_job]
[E:325b2bb1-4bd2-4813-94c4-48e97b82f6d5][T:2025-10-02 23:38:37.253722][U:][A:train.notify_job_status]
[E:9531e02a-ab81-40dd-b0d9-33a4b11edb8d][R:ff93c3b2-7ce1-4623-a7fe-38f13c8aaf6a][T:2025-10-02 23:39:15.502707][J:f4b93d37-24b6-495e-b958-72a111c2f55c][A:train#9f3aeca2-0166-43a9-844d-7a2290d40e8e]received task from server
[E:0a03e926-fcf9-4b3c-a1aa-c10a5ebd40b3][T:2025-10-02 23:39:15.503636][J:f4b93d37-24b6-495e-b958-72a111c2f55c][A:train#9f3aeca2-0166-43a9-844d-7a2290d40e8e]invoked executor LearnerExecutor
[E:6a3ea2c1-2d5f-4443-aba5-b189fec2b5cd][T:2025-10-02 23:42:55.560263][U:admin@ornl.gov][A:train.deploy]
[E:217b9225-5b98-4a0f-bdb2-33d6d82aed16][T:2025-10-02 23:42:58.603081][U:][A:train.start_job]
[E:090d0394-660e-4fc3-b87c-f09faf4c4f0a][T:2025-10-02 23:43:11.674984][U:][A:train.notify_job_status]
[E:40d31c5e-d097-400c-a26c-638355f60bc0][R:87bd5ba0-d300-4670-a05d-49154a136eee][T:2025-10-02 23:43:20.094397][J:de67ee28-8498-461e-a0c5-bf788cf7c9fe][A:train#084fa6c0-4071-474a-8a70-d732a91264cf]received task from server
[E:027d00ee-9c79-4fb5-be79-9468a15dbe9a][T:2025-10-02 23:43:20.094995][J:de67ee28-8498-461e-a0c5-bf788cf7c9fe][A:train#084fa6c0-4071-474a-8a70-d732a91264cf]invoked executor LearnerExecutor
[E:d6957d9d-ca56-4c48-b692-9be9c1d2daba][T:2025-10-02 23:44:33.830052][J:de67ee28-8498-461e-a0c5-bf788cf7c9fe][A:train#084fa6c0-4071-474a-8a70-d732a91264cf]applied filter: PrivacyPetinaLibrary@job on task_result
[E:6d25cf70-c844-4679-b560-94925c12b1eb][R:87bd5ba0-d300-4670-a05d-49154a136eee][T:2025-10-02 23:44:33.831598][J:de67ee28-8498-461e-a0c5-bf788cf7c9fe][A:train#084fa6c0-4071-474a-8a70-d732a91264cf]submit result OK
[E:5d5e1ec5-e4ac-416f-be4b-812e6d3a8b62][R:360e429c-3c18-49bb-8ed6-69ce45d372df][T:2025-10-02 23:45:09.761230][J:de67ee28-8498-461e-a0c5-bf788cf7c9fe][A:train#fdf572bd-98e0-44c4-91c8-78e088658ef0]received task from server
[E:e7715b9f-176a-4bb2-aba7-ac18a9646ef6][T:2025-10-02 23:45:09.761663][J:de67ee28-8498-461e-a0c5-bf788cf7c9fe][A:train#fdf572bd-98e0-44c4-91c8-78e088658ef0]invoked executor LearnerExecutor
[E:92fcfdee-aefc-45cd-a8eb-cb3a15983a4d][T:2025-10-02 23:46:03.811594][J:de67ee28-8498-461e-a0c5-bf788cf7c9fe][A:train#fdf572bd-98e0-44c4-91c8-78e088658ef0]applied filter: PrivacyPetinaLibrary@job on task_result
[E:b79527df-898c-423d-ab4e-5f8c7c9c8798][R:360e429c-3c18-49bb-8ed6-69ce45d372df][T:2025-10-02 23:46:03.812342][J:de67ee28-8498-461e-a0c5-bf788cf7c9fe][A:train#fdf572bd-98e0-44c4-91c8-78e088658ef0]submit result OK
[E:44c76462-7572-4c83-aa8c-bc5d4bb9bcf2][R:a413d15d-1470-4bfe-b54d-651ec7961bf9][T:2025-10-02 23:46:34.989415][J:de67ee28-8498-461e-a0c5-bf788cf7c9fe][A:train#3a082b64-e77c-4db9-9884-81b80af3f83a]received task from server
[E:ead19f16-83b5-4948-b55f-fe4584a36962][T:2025-10-02 23:46:34.989835][J:de67ee28-8498-461e-a0c5-bf788cf7c9fe][A:train#3a082b64-e77c-4db9-9884-81b80af3f83a]invoked executor LearnerExecutor
[E:516169c4-421e-45b1-9048-413a7d9732b3][T:2025-10-02 23:47:19.897039][U:][A:train.abort]
[E:1cf27b4a-f555-4bc1-813e-6e3784bd23f0][R:aa0ce5c3-7e5c-41f7-8318-1c4ada2c2aaa][T:2025-10-02 23:47:24.896394][U:admin@ornl.gov][A:train.shutdown]
[E:912836fc-1bfe-46bc-a345-53d757945c77][T:2025-10-02 23:47:29.608925][J:de67ee28-8498-461e-a0c5-bf788cf7c9fe][A:train#3a082b64-e77c-4db9-9884-81b80af3f83a]applied filter: PrivacyPetinaLibrary@job on task_result
[E:405fcdfa-2c12-4aa2-ab23-bdde2c482406][R:a413d15d-1470-4bfe-b54d-651ec7961bf9][T:2025-10-02 23:47:29.609532][J:de67ee28-8498-461e-a0c5-bf788cf7c9fe][A:train#3a082b64-e77c-4db9-9884-81b80af3f83a]submit result OK
