[E:58a069fc-c184-42e3-a912-a52b208e1af1][T:2025-10-02 23:38:17.843283][U:admin@ornl.gov][A:train.deploy]
[E:90407db9-a705-4531-880d-f965912c0d43][T:2025-10-02 23:38:20.880972][U:][A:train.start_job]
[E:f9e56c29-5fdb-4eed-9972-b635556bf1eb][T:2025-10-02 23:38:37.251603][U:][A:train.notify_job_status]
[E:f9baf92a-ef5f-420b-9fc1-e8427b32f6a6][R:8be530fe-c523-4cc0-9ad4-df8001b3866e][T:2025-10-02 23:39:15.287831][J:f4b93d37-24b6-495e-b958-72a111c2f55c][A:train#f38b75b0-3cf9-425e-9157-b3825e730775]received task from server
[E:4b4e583c-2fdd-4b92-87ff-80734b883dcc][T:2025-10-02 23:39:15.288607][J:f4b93d37-24b6-495e-b958-72a111c2f55c][A:train#f38b75b0-3cf9-425e-9157-b3825e730775]invoked executor LearnerExecutor
[E:b4672664-c1cc-4383-bf07-1ca29582bca1][T:2025-10-02 23:42:55.560373][U:admin@ornl.gov][A:train.deploy]
[E:5f579e50-ec18-4244-84e9-4ed5f54835cd][T:2025-10-02 23:42:58.603203][U:][A:train.start_job]
[E:9dc3fbef-f6ce-44a8-b5d5-fef47c153dae][T:2025-10-02 23:43:11.776460][U:][A:train.notify_job_status]
[E:13a2792d-8b3f-4eef-bf0a-709ee734ad10][R:486400ff-be9b-478e-856e-07255f12ac09][T:2025-10-02 23:43:20.187173][J:de67ee28-8498-461e-a0c5-bf788cf7c9fe][A:train#4f0f6cf2-7715-4ad9-951f-a14a0b248fd0]received task from server
[E:892c26b9-9afb-4d60-b736-a72aac5e418e][T:2025-10-02 23:43:20.187590][J:de67ee28-8498-461e-a0c5-bf788cf7c9fe][A:train#4f0f6cf2-7715-4ad9-951f-a14a0b248fd0]invoked executor LearnerExecutor
[E:17a7bae5-e91b-4f4e-be72-1a48b0df39b1][T:2025-10-02 23:44:34.092006][J:de67ee28-8498-461e-a0c5-bf788cf7c9fe][A:train#4f0f6cf2-7715-4ad9-951f-a14a0b248fd0]applied filter: PrivacyPetinaLibrary@job on task_result
[E:b2abd177-5bab-4e4f-bfe8-d6102916aa59][R:486400ff-be9b-478e-856e-07255f12ac09][T:2025-10-02 23:44:34.093726][J:de67ee28-8498-461e-a0c5-bf788cf7c9fe][A:train#4f0f6cf2-7715-4ad9-951f-a14a0b248fd0]submit result OK
[E:95cc45d9-68fd-4ac1-b92d-6baee8f75505][R:d41c6adf-b372-443c-87ea-0f3e35c48a3d][T:2025-10-02 23:45:09.647126][J:de67ee28-8498-461e-a0c5-bf788cf7c9fe][A:train#cc362bf0-2fcf-4cb4-a279-35da6131ae46]received task from server
[E:46d44b58-91e2-42d1-913c-f127cfdf7c06][T:2025-10-02 23:45:09.647550][J:de67ee28-8498-461e-a0c5-bf788cf7c9fe][A:train#cc362bf0-2fcf-4cb4-a279-35da6131ae46]invoked executor LearnerExecutor
[E:53e1df3e-0499-4cd3-a3f4-4988f9e43d29][T:2025-10-02 23:46:01.302548][J:de67ee28-8498-461e-a0c5-bf788cf7c9fe][A:train#cc362bf0-2fcf-4cb4-a279-35da6131ae46]applied filter: PrivacyPetinaLibrary@job on task_result
[E:8707976c-afac-4284-acc2-acee670d5c0b][R:d41c6adf-b372-443c-87ea-0f3e35c48a3d][T:2025-10-02 23:46:01.303402][J:de67ee28-8498-461e-a0c5-bf788cf7c9fe][A:train#cc362bf0-2fcf-4cb4-a279-35da6131ae46]submit result OK
[E:b7cb8854-4273-421a-8c07-f715aba34bfc][R:63a356fe-a974-42ea-af1e-9d1f310c5f58][T:2025-10-02 23:46:35.177673][J:de67ee28-8498-461e-a0c5-bf788cf7c9fe][A:train#87f49b1c-9e1d-4ab2-94fe-b8ee6cee8236]received task from server
[E:61a0874e-d61b-4d80-92dc-a4be38bde54c][T:2025-10-02 23:46:35.178095][J:de67ee28-8498-461e-a0c5-bf788cf7c9fe][A:train#87f49b1c-9e1d-4ab2-94fe-b8ee6cee8236]invoked executor LearnerExecutor
[E:2feaae52-40e5-4782-8a12-2dc7426456e0][T:2025-10-02 23:47:19.897181][U:][A:train.abort]
[E:52d898a0-8ef4-4654-80eb-355ca294e0b6][R:aa0ce5c3-7e5c-41f7-8318-1c4ada2c2aaa][T:2025-10-02 23:47:24.896455][U:admin@ornl.gov][A:train.shutdown]
[E:f36505fe-34d8-4087-bf6e-39aa624bec35][T:2025-10-02 23:47:29.617274][J:de67ee28-8498-461e-a0c5-bf788cf7c9fe][A:train#87f49b1c-9e1d-4ab2-94fe-b8ee6cee8236]applied filter: PrivacyPetinaLibrary@job on task_result
[E:5a99ccdd-cda2-4d35-895c-c09ddbb0c293][R:63a356fe-a974-42ea-af1e-9d1f310c5f58][T:2025-10-02 23:47:29.617877][J:de67ee28-8498-461e-a0c5-bf788cf7c9fe][A:train#87f49b1c-9e1d-4ab2-94fe-b8ee6cee8236]submit result OK
