[E:184f071e-6b98-4ea3-82e2-a74aa409d9e5][T:2025-10-02 23:38:17.843221][U:admin@ornl.gov][A:train.deploy]
[E:27dfd704-3c6f-4a39-9e83-4225dc1dea5f][T:2025-10-02 23:38:20.881167][U:][A:train.start_job]
[E:b6660cb6-3cdc-4a26-82ad-321042c31dee][T:2025-10-02 23:38:37.253140][U:][A:train.notify_job_status]
[E:870be67e-5c44-4828-bc39-c89e1cb49960][R:a564e178-249b-47c2-bd46-8cd3f586d576][T:2025-10-02 23:39:15.525121][J:f4b93d37-24b6-495e-b958-72a111c2f55c][A:train#713c64e2-cfc0-4059-b976-e8e2adda8582]received task from server
[E:ae895406-f260-4777-ada1-0ea03f542769][T:2025-10-02 23:39:15.525652][J:f4b93d37-24b6-495e-b958-72a111c2f55c][A:train#713c64e2-cfc0-4059-b976-e8e2adda8582]invoked executor LearnerExecutor
[E:b3d96420-7631-41cf-a11b-c7b039d1d216][T:2025-10-02 23:42:55.560030][U:admin@ornl.gov][A:train.deploy]
[E:af1bdf09-d712-4bfc-99c3-ba2903879e93][T:2025-10-02 23:42:58.603003][U:][A:train.start_job]
[E:ad1490ec-7574-4d0d-99d1-1a37bd227f4f][T:2025-10-02 23:43:11.673985][U:][A:train.notify_job_status]
[E:fc683234-b77b-446e-b3c4-4a74029c8638][R:f7c5f9ee-a340-41b7-b1ca-337ca172322a][T:2025-10-02 23:43:20.070660][J:de67ee28-8498-461e-a0c5-bf788cf7c9fe][A:train#8bd0ffeb-a9aa-440a-a550-974f96c40b1f]received task from server
[E:e0b7e3bf-0be3-4e4e-9e84-a127941876b3][T:2025-10-02 23:43:20.071072][J:de67ee28-8498-461e-a0c5-bf788cf7c9fe][A:train#8bd0ffeb-a9aa-440a-a550-974f96c40b1f]invoked executor LearnerExecutor
[E:d0718d1d-93e1-4a6a-baa2-3aeebeac8b89][T:2025-10-02 23:44:34.175348][J:de67ee28-8498-461e-a0c5-bf788cf7c9fe][A:train#8bd0ffeb-a9aa-440a-a550-974f96c40b1f]applied filter: PrivacyPetinaLibrary@job on task_result
[E:9422ea76-f024-40eb-8343-6a2f8f81333b][R:f7c5f9ee-a340-41b7-b1ca-337ca172322a][T:2025-10-02 23:44:34.176659][J:de67ee28-8498-461e-a0c5-bf788cf7c9fe][A:train#8bd0ffeb-a9aa-440a-a550-974f96c40b1f]submit result OK
[E:138fdd54-a7a6-44aa-a718-70d8ac16c080][R:0cb235b4-eccc-4284-8a8c-4ff32922df92][T:2025-10-02 23:45:09.765237][J:de67ee28-8498-461e-a0c5-bf788cf7c9fe][A:train#b489786c-e9b9-41fd-9840-0e4cf73192f8]received task from server
[E:d48ee50d-e826-4761-af06-0a77e20fbe96][T:2025-10-02 23:45:09.765680][J:de67ee28-8498-461e-a0c5-bf788cf7c9fe][A:train#b489786c-e9b9-41fd-9840-0e4cf73192f8]invoked executor LearnerExecutor
[E:e3a7ae6c-f375-4f1a-92af-bc23064594af][T:2025-10-02 23:46:04.025256][J:de67ee28-8498-461e-a0c5-bf788cf7c9fe][A:train#b489786c-e9b9-41fd-9840-0e4cf73192f8]applied filter: PrivacyPetinaLibrary@job on task_result
[E:3a71762e-221d-4226-a1b0-3477dfe2b131][R:0cb235b4-eccc-4284-8a8c-4ff32922df92][T:2025-10-02 23:46:04.026212][J:de67ee28-8498-461e-a0c5-bf788cf7c9fe][A:train#b489786c-e9b9-41fd-9840-0e4cf73192f8]submit result OK
[E:6a93948d-35a8-4b14-97e9-fd58fe31b116][R:2e2fbe14-5040-4f01-82ac-9be7dde94fa6][T:2025-10-02 23:46:35.199398][J:de67ee28-8498-461e-a0c5-bf788cf7c9fe][A:train#8a13e95b-ccfb-49b2-bd0a-6ebd06e564c9]received task from server
[E:fa47b161-2733-475d-986c-b141ea93809f][T:2025-10-02 23:46:35.199817][J:de67ee28-8498-461e-a0c5-bf788cf7c9fe][A:train#8a13e95b-ccfb-49b2-bd0a-6ebd06e564c9]invoked executor LearnerExecutor
[E:c975477d-20a8-497f-94d4-fc0a38b437e2][T:2025-10-02 23:47:19.896738][U:][A:train.abort]
[E:97d465a5-b706-40f4-b303-eae4cd526a23][R:aa0ce5c3-7e5c-41f7-8318-1c4ada2c2aaa][T:2025-10-02 23:47:24.896432][U:admin@ornl.gov][A:train.shutdown]
[E:58bfcd3c-7830-4dd0-84e0-6095c60e7f21][T:2025-10-02 23:47:26.637533][J:de67ee28-8498-461e-a0c5-bf788cf7c9fe][A:train#8a13e95b-ccfb-49b2-bd0a-6ebd06e564c9]applied filter: PrivacyPetinaLibrary@job on task_result
[E:c91c4f8b-7bb9-4713-b41e-eca04e29b41e][R:2e2fbe14-5040-4f01-82ac-9be7dde94fa6][T:2025-10-02 23:47:26.638159][J:de67ee28-8498-461e-a0c5-bf788cf7c9fe][A:train#8a13e95b-ccfb-49b2-bd0a-6ebd06e564c9]submit result OK
