[E:a88c2f1b-ed12-4276-bf15-bdf68530951d][T:2025-10-02 23:38:17.843040][U:admin@ornl.gov][A:train.deploy]
[E:af962a3f-0cbf-4737-b345-8d8a57d73081][T:2025-10-02 23:38:20.880864][U:][A:train.start_job]
[E:41f1e478-63b8-4ac9-802c-b2c0714f4722][T:2025-10-02 23:38:37.254028][U:][A:train.notify_job_status]
[E:65c066b2-d974-466d-bb5f-1a87a2576417][R:2ae33583-f366-4db1-8a69-a6f861526352][T:2025-10-02 23:39:15.496873][J:f4b93d37-24b6-495e-b958-72a111c2f55c][A:train#b7ff61d8-1b16-49fb-a021-9b3426eddb05]received task from server
[E:b3489c9f-ce14-4e9d-a094-ad064ceeb3c4][T:2025-10-02 23:39:15.497442][J:f4b93d37-24b6-495e-b958-72a111c2f55c][A:train#b7ff61d8-1b16-49fb-a021-9b3426eddb05]invoked executor LearnerExecutor
[E:f5811375-785a-4058-b209-661f7c97bea4][T:2025-10-02 23:42:55.560112][U:admin@ornl.gov][A:train.deploy]
[E:5159f4fe-e1c3-4a2c-b4c4-ee58f5f4b52f][T:2025-10-02 23:42:58.603063][U:][A:train.start_job]
[E:e6a86313-9dff-4c72-a25f-eaa5005bce4b][T:2025-10-02 23:43:11.675552][U:][A:train.notify_job_status]
[E:85e31f60-553b-4027-a187-2e073e326015][R:3da1e04e-84fc-420f-938f-3b545e2f4cc4][T:2025-10-02 23:43:20.127449][J:de67ee28-8498-461e-a0c5-bf788cf7c9fe][A:train#0ece918a-775c-44d5-9a78-a08d0546753e]received task from server
[E:f14cd793-a879-4011-9f14-06cb67a1cb1f][T:2025-10-02 23:43:20.127859][J:de67ee28-8498-461e-a0c5-bf788cf7c9fe][A:train#0ece918a-775c-44d5-9a78-a08d0546753e]invoked executor LearnerExecutor
[E:f1c72532-eea0-4edd-adb5-9933d00d7e87][T:2025-10-02 23:44:33.937181][J:de67ee28-8498-461e-a0c5-bf788cf7c9fe][A:train#0ece918a-775c-44d5-9a78-a08d0546753e]applied filter: PrivacyPetinaLibrary@job on task_result
[E:0662fec7-4d79-44cc-8c22-4d31650dc02f][R:3da1e04e-84fc-420f-938f-3b545e2f4cc4][T:2025-10-02 23:44:33.938615][J:de67ee28-8498-461e-a0c5-bf788cf7c9fe][A:train#0ece918a-775c-44d5-9a78-a08d0546753e]submit result OK
[E:9ca5805d-a1cb-4a50-86bd-4fa9cc6be17c][R:68dc1843-46e5-496b-aba3-4d6826ece439][T:2025-10-02 23:45:09.613010][J:de67ee28-8498-461e-a0c5-bf788cf7c9fe][A:train#444277a3-a8ad-4e12-9d02-e84643311d95]received task from server
[E:105d3dba-4bf9-40ff-8b4c-a4201e7f13f1][T:2025-10-02 23:45:09.613445][J:de67ee28-8498-461e-a0c5-bf788cf7c9fe][A:train#444277a3-a8ad-4e12-9d02-e84643311d95]invoked executor LearnerExecutor
[E:c8be8223-de9a-42e6-ac11-c018dd7204f5][T:2025-10-02 23:46:03.628872][J:de67ee28-8498-461e-a0c5-bf788cf7c9fe][A:train#444277a3-a8ad-4e12-9d02-e84643311d95]applied filter: PrivacyPetinaLibrary@job on task_result
[E:4062bf87-e662-4792-aa96-089a9e5e3546][R:68dc1843-46e5-496b-aba3-4d6826ece439][T:2025-10-02 23:46:03.629950][J:de67ee28-8498-461e-a0c5-bf788cf7c9fe][A:train#444277a3-a8ad-4e12-9d02-e84643311d95]submit result OK
[E:596b8507-b816-4195-acb6-4c3da1bb0a6d][R:a39098d2-b45b-4ce9-9c1c-d37463ba8dd1][T:2025-10-02 23:46:34.925337][J:de67ee28-8498-461e-a0c5-bf788cf7c9fe][A:train#6ce22264-17bb-458f-9d1e-3c516a91c3e8]received task from server
[E:faee8a69-774e-4b18-9788-6dbaa099ad0d][T:2025-10-02 23:46:34.925738][J:de67ee28-8498-461e-a0c5-bf788cf7c9fe][A:train#6ce22264-17bb-458f-9d1e-3c516a91c3e8]invoked executor LearnerExecutor
[E:172e0079-074b-4d07-a338-b0b2bc9164ab][T:2025-10-02 23:47:19.897329][U:][A:train.abort]
[E:35638b7c-6a7d-4445-9b31-f2b17d48ad67][T:2025-10-02 23:47:24.885597][J:de67ee28-8498-461e-a0c5-bf788cf7c9fe][A:train#6ce22264-17bb-458f-9d1e-3c516a91c3e8]applied filter: PrivacyPetinaLibrary@job on task_result
[E:d18af809-2210-4a79-aa79-84d41d99b706][R:a39098d2-b45b-4ce9-9c1c-d37463ba8dd1][T:2025-10-02 23:47:24.886259][J:de67ee28-8498-461e-a0c5-bf788cf7c9fe][A:train#6ce22264-17bb-458f-9d1e-3c516a91c3e8]submit result OK
[E:0ae9634a-bf10-44f2-82c6-d03932a2d7fb][R:aa0ce5c3-7e5c-41f7-8318-1c4ada2c2aaa][T:2025-10-02 23:47:24.896805][U:admin@ornl.gov][A:train.shutdown]
