[E:4b5c7e15-0ed5-4a89-a702-ec44527ccb5c][T:2025-10-02 23:38:17.842810][U:admin@ornl.gov][A:train.deploy]
[E:5b26d53a-98e1-4476-b85c-00f038cc8ee2][T:2025-10-02 23:38:20.880578][U:][A:train.start_job]
[E:b229757e-c4c2-48f9-9a16-395a5a3bbadd][T:2025-10-02 23:38:37.249431][U:][A:train.notify_job_status]
[E:70b2e543-32b2-4f33-afe7-c638c5a14b72][R:66ccb5b2-f24a-456f-9939-7b754f9e54cc][T:2025-10-02 23:39:15.426452][J:f4b93d37-24b6-495e-b958-72a111c2f55c][A:train#b9884f20-2b71-4287-8611-3acd10dda9d5]received task from server
[E:01cc97c3-7c27-4afe-8683-6dae700f1276][T:2025-10-02 23:39:15.427311][J:f4b93d37-24b6-495e-b958-72a111c2f55c][A:train#b9884f20-2b71-4287-8611-3acd10dda9d5]invoked executor LearnerExecutor
[E:41e045c1-499b-4185-aa3d-ad5cfc452c3d][T:2025-10-02 23:42:55.560557][U:admin@ornl.gov][A:train.deploy]
[E:ea121b77-a259-4b00-b0ad-e5588d38b51a][T:2025-10-02 23:42:58.603444][U:][A:train.start_job]
[E:70a73849-6822-4ea0-adbb-d6d106791ea6][T:2025-10-02 23:43:11.675900][U:][A:train.notify_job_status]
[E:19d2de5c-caa8-442e-bb91-0cc993dfc32e][R:6e230c3c-5e88-4a1c-8dd0-8e4d0f747b98][T:2025-10-02 23:43:20.149917][J:de67ee28-8498-461e-a0c5-bf788cf7c9fe][A:train#6f474312-9e8b-4703-828c-457a03695604]received task from server
[E:57222d1d-6430-423a-95da-0ffbee9dcdaf][T:2025-10-02 23:43:20.150374][J:de67ee28-8498-461e-a0c5-bf788cf7c9fe][A:train#6f474312-9e8b-4703-828c-457a03695604]invoked executor LearnerExecutor
[E:4f254809-9dca-4800-b478-810b921c5253][T:2025-10-02 23:44:34.259387][J:de67ee28-8498-461e-a0c5-bf788cf7c9fe][A:train#6f474312-9e8b-4703-828c-457a03695604]applied filter: PrivacyPetinaLibrary@job on task_result
[E:d2f3d090-854a-4495-82ce-cf9fdc5ab490][R:6e230c3c-5e88-4a1c-8dd0-8e4d0f747b98][T:2025-10-02 23:44:34.260949][J:de67ee28-8498-461e-a0c5-bf788cf7c9fe][A:train#6f474312-9e8b-4703-828c-457a03695604]submit result OK
[E:86cb3c8f-3b36-452f-a198-c5248fb3694b][R:9f4ee69e-fbdb-4d66-ae1a-40c27353d04f][T:2025-10-02 23:45:09.560976][J:de67ee28-8498-461e-a0c5-bf788cf7c9fe][A:train#9ecf258f-e53f-44cb-834f-13b693346ab8]received task from server
[E:d6be2dec-91e1-4d7e-a598-c360baef1971][T:2025-10-02 23:45:09.561398][J:de67ee28-8498-461e-a0c5-bf788cf7c9fe][A:train#9ecf258f-e53f-44cb-834f-13b693346ab8]invoked executor LearnerExecutor
[E:2e1565f1-e921-4501-a361-cffa382bbdf3][T:2025-10-02 23:46:01.372128][J:de67ee28-8498-461e-a0c5-bf788cf7c9fe][A:train#9ecf258f-e53f-44cb-834f-13b693346ab8]applied filter: PrivacyPetinaLibrary@job on task_result
[E:53b201f6-c403-4d9b-9ae2-362b6afd6697][R:9f4ee69e-fbdb-4d66-ae1a-40c27353d04f][T:2025-10-02 23:46:01.372797][J:de67ee28-8498-461e-a0c5-bf788cf7c9fe][A:train#9ecf258f-e53f-44cb-834f-13b693346ab8]submit result OK
[E:ac1cfc12-8478-4f15-b128-03458e31d5ff][R:5c065c74-a2d5-4822-8a5e-964308199836][T:2025-10-02 23:46:35.035210][J:de67ee28-8498-461e-a0c5-bf788cf7c9fe][A:train#c94ecbf9-3f8b-4d3f-a047-bf9e9b297688]received task from server
[E:1d47e8f6-c7c7-4a61-85ac-088e14106b38][T:2025-10-02 23:46:35.035600][J:de67ee28-8498-461e-a0c5-bf788cf7c9fe][A:train#c94ecbf9-3f8b-4d3f-a047-bf9e9b297688]invoked executor LearnerExecutor
[E:3ca8d345-6994-4c86-9ebf-ba45e4f598a0][T:2025-10-02 23:47:19.896947][U:][A:train.abort]
[E:e19c2eab-0faa-4d91-82d1-0517e06e6c1e][R:aa0ce5c3-7e5c-41f7-8318-1c4ada2c2aaa][T:2025-10-02 23:47:24.896344][U:admin@ornl.gov][A:train.shutdown]
[E:9b508952-6db2-4bcb-a837-412135e5779a][T:2025-10-02 23:47:29.363839][J:de67ee28-8498-461e-a0c5-bf788cf7c9fe][A:train#c94ecbf9-3f8b-4d3f-a047-bf9e9b297688]applied filter: PrivacyPetinaLibrary@job on task_result
[E:70cf589b-00b8-498a-98c9-428a4f32feda][R:5c065c74-a2d5-4822-8a5e-964308199836][T:2025-10-02 23:47:29.364435][J:de67ee28-8498-461e-a0c5-bf788cf7c9fe][A:train#c94ecbf9-3f8b-4d3f-a047-bf9e9b297688]submit result OK
