[E:746d5a28-256a-4a5e-a86d-130495b6f0aa][T:2025-10-02 23:38:17.842763][U:admin@ornl.gov][A:train.deploy]
[E:3abe25fe-668a-4b61-823e-76c745ce4611][T:2025-10-02 23:38:20.880530][U:][A:train.start_job]
[E:2e7e3300-ae65-4c00-96eb-46f856e4ab1a][T:2025-10-02 23:38:37.224734][U:][A:train.notify_job_status]
[E:d3170aba-97d9-46dc-8858-fe48544d3ef0][R:b6410ce5-0b67-44b0-a87f-c4c0665c343f][T:2025-10-02 23:39:15.086253][J:f4b93d37-24b6-495e-b958-72a111c2f55c][A:train#70d922f2-8c49-4938-bed4-212a06725e7d]received task from server
[E:3ba7d383-a859-46d1-9208-8afbacfc747c][T:2025-10-02 23:39:15.087090][J:f4b93d37-24b6-495e-b958-72a111c2f55c][A:train#70d922f2-8c49-4938-bed4-212a06725e7d]invoked executor LearnerExecutor
[E:c878c819-e410-4546-978d-357d4914d7d3][T:2025-10-02 23:42:55.560018][U:admin@ornl.gov][A:train.deploy]
[E:7f23a071-81a3-402a-9b7a-938341037cca][T:2025-10-02 23:42:58.602904][U:][A:train.start_job]
[E:1f6133c8-c357-43e0-9040-ac2b6bdeabd2][T:2025-10-02 23:43:11.779506][U:][A:train.notify_job_status]
[E:0ea8a75c-b78a-4be6-8336-08517709447b][R:610e8c54-c5ac-4918-b1fe-577f63ce766b][T:2025-10-02 23:43:20.169023][J:de67ee28-8498-461e-a0c5-bf788cf7c9fe][A:train#9f0eb510-bdb9-4886-ac0d-ad069bc63676]received task from server
[E:9c7cc1c0-4c59-4f5a-b42a-e42c8f31040b][T:2025-10-02 23:43:20.169447][J:de67ee28-8498-461e-a0c5-bf788cf7c9fe][A:train#9f0eb510-bdb9-4886-ac0d-ad069bc63676]invoked executor LearnerExecutor
[E:fcb61799-0a34-49c2-9200-c919faaf2e49][T:2025-10-02 23:44:33.433593][J:de67ee28-8498-461e-a0c5-bf788cf7c9fe][A:train#9f0eb510-bdb9-4886-ac0d-ad069bc63676]applied filter: PrivacyPetinaLibrary@job on task_result
[E:329db6b4-6653-4a72-b65c-7f56c55f3727][R:610e8c54-c5ac-4918-b1fe-577f63ce766b][T:2025-10-02 23:44:33.434987][J:de67ee28-8498-461e-a0c5-bf788cf7c9fe][A:train#9f0eb510-bdb9-4886-ac0d-ad069bc63676]submit result OK
[E:5ec6cd83-c42b-4814-9a87-7f47ead79a73][R:862b5dc8-a31f-4586-9b94-bb26e24df989][T:2025-10-02 23:45:09.802357][J:de67ee28-8498-461e-a0c5-bf788cf7c9fe][A:train#13e4481d-0408-4ec0-9842-896a4388d6a5]received task from server
[E:d2cb02b8-9a23-4b99-8478-1e743664eb82][T:2025-10-02 23:45:09.802956][J:de67ee28-8498-461e-a0c5-bf788cf7c9fe][A:train#13e4481d-0408-4ec0-9842-896a4388d6a5]invoked executor LearnerExecutor
[E:a9053c23-76c2-4d56-9323-88087738d9dc][T:2025-10-02 23:46:01.777046][J:de67ee28-8498-461e-a0c5-bf788cf7c9fe][A:train#13e4481d-0408-4ec0-9842-896a4388d6a5]applied filter: PrivacyPetinaLibrary@job on task_result
[E:c4b2cf83-86d4-41a9-abdd-9c0a13af8f1c][R:862b5dc8-a31f-4586-9b94-bb26e24df989][T:2025-10-02 23:46:01.778023][J:de67ee28-8498-461e-a0c5-bf788cf7c9fe][A:train#13e4481d-0408-4ec0-9842-896a4388d6a5]submit result OK
[E:deb87940-8f07-4b14-a131-a45faa1271e4][R:01bc0f89-2870-4e41-a897-714f22a29225][T:2025-10-02 23:46:34.755154][J:de67ee28-8498-461e-a0c5-bf788cf7c9fe][A:train#71409589-8161-4a9d-a427-ab8e241205e6]received task from server
[E:b5803b6e-20e5-40da-a4f0-bbbcb4c81396][T:2025-10-02 23:46:34.755569][J:de67ee28-8498-461e-a0c5-bf788cf7c9fe][A:train#71409589-8161-4a9d-a427-ab8e241205e6]invoked executor LearnerExecutor
[E:b38ea697-36c0-476a-b712-d005f371490c][T:2025-10-02 23:47:19.896802][U:][A:train.abort]
[E:efac741f-f324-4490-86d4-5c3eee7fb420][R:aa0ce5c3-7e5c-41f7-8318-1c4ada2c2aaa][T:2025-10-02 23:47:24.896103][U:admin@ornl.gov][A:train.shutdown]
[E:2ff4259b-089d-45bc-92d8-813f12e6c5f5][T:2025-10-02 23:47:26.474014][J:de67ee28-8498-461e-a0c5-bf788cf7c9fe][A:train#71409589-8161-4a9d-a427-ab8e241205e6]applied filter: PrivacyPetinaLibrary@job on task_result
[E:e4fdde15-cb30-4c23-b7e7-3a8747db9cf6][R:01bc0f89-2870-4e41-a897-714f22a29225][T:2025-10-02 23:47:26.474723][J:de67ee28-8498-461e-a0c5-bf788cf7c9fe][A:train#71409589-8161-4a9d-a427-ab8e241205e6]submit result OK
