[E:a0728935-7b56-4b55-9009-4e0c6615f1cd][T:2025-10-02 23:38:17.842963][U:admin@ornl.gov][A:train.deploy]
[E:81b91e54-f214-458a-8524-eb1751cc3901][T:2025-10-02 23:38:20.880859][U:][A:train.start_job]
[E:38aec902-23e4-4cc6-91db-5be8c25991bd][T:2025-10-02 23:38:37.253074][U:][A:train.notify_job_status]
[E:778122bf-3c3f-4819-86d3-cc8857be6d9d][R:4cd5c2e8-4bc1-4d24-b4dc-17b58b9a6304][T:2025-10-02 23:39:15.514768][J:f4b93d37-24b6-495e-b958-72a111c2f55c][A:train#f2a6ba57-e3d5-4a97-838e-c37f3db030d3]received task from server
[E:ceb5679e-79c1-4b59-9ee0-9b3d263bed22][T:2025-10-02 23:39:15.515176][J:f4b93d37-24b6-495e-b958-72a111c2f55c][A:train#f2a6ba57-e3d5-4a97-838e-c37f3db030d3]invoked executor LearnerExecutor
[E:171fce54-5778-4443-9465-cf3b02ad87e7][T:2025-10-02 23:42:55.560876][U:admin@ornl.gov][A:train.deploy]
[E:5eb844ba-8c67-4bb6-9253-53916686ce48][T:2025-10-02 23:42:58.603283][U:][A:train.start_job]
[E:befc6172-79c9-4c55-bc6a-82dc0097ea1c][T:2025-10-02 23:43:11.777462][U:][A:train.notify_job_status]
[E:bab730b2-b964-437b-8ade-4fa78aa71449][R:cdbe4dd1-0511-41af-abcb-c4c8a546dfb9][T:2025-10-02 23:43:20.184305][J:de67ee28-8498-461e-a0c5-bf788cf7c9fe][A:train#accdfc08-8f8a-4fe8-bff5-276d7c6a556c]received task from server
[E:cfd5e87b-53fc-42f7-a21a-d99cdaae4879][T:2025-10-02 23:43:20.184712][J:de67ee28-8498-461e-a0c5-bf788cf7c9fe][A:train#accdfc08-8f8a-4fe8-bff5-276d7c6a556c]invoked executor LearnerExecutor
[E:6f14ddeb-ef89-4be7-a108-0b80422222ea][T:2025-10-02 23:44:34.115314][J:de67ee28-8498-461e-a0c5-bf788cf7c9fe][A:train#accdfc08-8f8a-4fe8-bff5-276d7c6a556c]applied filter: PrivacyPetinaLibrary@job on task_result
[E:81b18ed9-c9e2-4b94-8aab-6ec77a4dd4ff][R:cdbe4dd1-0511-41af-abcb-c4c8a546dfb9][T:2025-10-02 23:44:34.116695][J:de67ee28-8498-461e-a0c5-bf788cf7c9fe][A:train#accdfc08-8f8a-4fe8-bff5-276d7c6a556c]submit result OK
[E:be14461f-675c-49b5-a33f-1de6f68f95f2][R:b99ca10e-958f-4a03-a98b-299a29b3db44][T:2025-10-02 23:45:09.671477][J:de67ee28-8498-461e-a0c5-bf788cf7c9fe][A:train#793dcf17-9284-44ac-b1d2-661229482f0f]received task from server
[E:064075d6-7081-4731-82e0-cafc5a9a4d5c][T:2025-10-02 23:45:09.671908][J:de67ee28-8498-461e-a0c5-bf788cf7c9fe][A:train#793dcf17-9284-44ac-b1d2-661229482f0f]invoked executor LearnerExecutor
[E:e57134f1-2357-479c-893c-52a7977fb51a][T:2025-10-02 23:46:04.145867][J:de67ee28-8498-461e-a0c5-bf788cf7c9fe][A:train#793dcf17-9284-44ac-b1d2-661229482f0f]applied filter: PrivacyPetinaLibrary@job on task_result
[E:11e4de04-8c45-41c1-94e3-2d7df26bdd95][R:b99ca10e-958f-4a03-a98b-299a29b3db44][T:2025-10-02 23:46:04.146970][J:de67ee28-8498-461e-a0c5-bf788cf7c9fe][A:train#793dcf17-9284-44ac-b1d2-661229482f0f]submit result OK
[E:4061038d-d6e9-4841-a53a-76a26fb869dc][R:1974b55f-2cb0-4d97-9bd8-b3d621d9746e][T:2025-10-02 23:46:35.198583][J:de67ee28-8498-461e-a0c5-bf788cf7c9fe][A:train#09259279-8f1e-4f2d-80a4-52eec541eb59]received task from server
[E:db2ac966-13f5-455a-9fe4-4b47397df206][T:2025-10-02 23:46:35.198995][J:de67ee28-8498-461e-a0c5-bf788cf7c9fe][A:train#09259279-8f1e-4f2d-80a4-52eec541eb59]invoked executor LearnerExecutor
[E:31dc0e28-eb50-4c37-b845-a670d928ac1f][T:2025-10-02 23:47:19.897093][U:][A:train.abort]
[E:25a679b7-05f2-4e7c-b655-6c7ac5b89d3e][R:aa0ce5c3-7e5c-41f7-8318-1c4ada2c2aaa][T:2025-10-02 23:47:24.896370][U:admin@ornl.gov][A:train.shutdown]
[E:b392f281-a984-487e-8bd3-a0d4c77a3b45][T:2025-10-02 23:47:28.752246][J:de67ee28-8498-461e-a0c5-bf788cf7c9fe][A:train#09259279-8f1e-4f2d-80a4-52eec541eb59]applied filter: PrivacyPetinaLibrary@job on task_result
[E:c051edfd-9c11-418a-889f-d03603b7f423][R:1974b55f-2cb0-4d97-9bd8-b3d621d9746e][T:2025-10-02 23:47:28.752868][J:de67ee28-8498-461e-a0c5-bf788cf7c9fe][A:train#09259279-8f1e-4f2d-80a4-52eec541eb59]submit result OK
