[E:784550da-404a-4509-8aab-b6f5413607b5][T:2025-10-02 23:38:17.569785][U:?][A:_cert_login admin@ornl.gov]
[E:25669009-4eaf-4bc3-8078-a78af748ece1][T:2025-10-02 23:38:17.754315][U:admin@ornl.gov][A:job_mgmt.submit_job bert_ncbi_gaussian_8]
[E:7e0a76e0-b81b-4d08-a745-47f4d8c38f07][T:2025-10-02 23:38:17.773246][U:admin@ornl.gov][A:get_job_meta f4b93d37-24b6-495e-b958-72a111c2f55c]
[E:7d5153ad-195c-44c2-862b-909bfb87af9a][T:2025-10-02 23:38:20.877088][U:admin@ornl.gov][A:get_job_meta f4b93d37-24b6-495e-b958-72a111c2f55c]
[E:e61fa220-eb4a-4b45-8ba5-a37da66da72a][T:2025-10-02 23:38:22.893103][U:admin@ornl.gov][A:get_job_meta f4b93d37-24b6-495e-b958-72a111c2f55c]
[E:930b4ce3-d08b-474b-ad59-b9f7b35c8d27][T:2025-10-02 23:38:24.910206][U:admin@ornl.gov][A:get_job_meta f4b93d37-24b6-495e-b958-72a111c2f55c]
[E:ed32adcd-ea71-4aef-9052-f06cb3558e91][T:2025-10-02 23:38:26.927021][U:admin@ornl.gov][A:get_job_meta f4b93d37-24b6-495e-b958-72a111c2f55c]
[E:74aa75d8-13ef-4de9-b77b-25627ac843bd][T:2025-10-02 23:38:28.942749][U:admin@ornl.gov][A:get_job_meta f4b93d37-24b6-495e-b958-72a111c2f55c]
[E:e7bdcb68-c812-433a-a829-fef6ca6bea45][T:2025-10-02 23:38:30.960578][U:admin@ornl.gov][A:get_job_meta f4b93d37-24b6-495e-b958-72a111c2f55c]
[E:2b443d82-e47f-4a7a-98e6-b4649c161d4b][T:2025-10-02 23:38:32.975554][U:admin@ornl.gov][A:get_job_meta f4b93d37-24b6-495e-b958-72a111c2f55c]
[E:7e864255-6840-4510-b4b4-55f42fa40e8d][T:2025-10-02 23:38:34.990863][U:admin@ornl.gov][A:get_job_meta f4b93d37-24b6-495e-b958-72a111c2f55c]
[E:a37f84da-a6b7-4fa2-99e7-a2a07558def3][T:2025-10-02 23:38:37.006405][U:admin@ornl.gov][A:get_job_meta f4b93d37-24b6-495e-b958-72a111c2f55c]
[E:753bc315-59b5-4335-be79-f50c9bf67430][T:2025-10-02 23:38:39.021617][U:admin@ornl.gov][A:get_job_meta f4b93d37-24b6-495e-b958-72a111c2f55c]
[E:43001226-2573-4ae2-be3b-ba91d9466496][T:2025-10-02 23:38:41.036201][U:admin@ornl.gov][A:get_job_meta f4b93d37-24b6-495e-b958-72a111c2f55c]
[E:861863a7-dcf5-4b59-89a7-2388df3935ed][T:2025-10-02 23:38:43.050516][U:admin@ornl.gov][A:get_job_meta f4b93d37-24b6-495e-b958-72a111c2f55c]
[E:fd858955-10d4-4ca8-b2ac-ce6912a4a72d][T:2025-10-02 23:38:45.065822][U:admin@ornl.gov][A:get_job_meta f4b93d37-24b6-495e-b958-72a111c2f55c]
[E:47fd4ace-7a18-41ad-986f-808a5f5ac728][T:2025-10-02 23:38:47.080365][U:admin@ornl.gov][A:get_job_meta f4b93d37-24b6-495e-b958-72a111c2f55c]
[E:bd153f0e-4fc8-4f4e-8913-3dc5c446db71][T:2025-10-02 23:38:49.093688][U:admin@ornl.gov][A:get_job_meta f4b93d37-24b6-495e-b958-72a111c2f55c]
[E:0204933a-6943-48ab-9cd6-cd0accc47570][T:2025-10-02 23:38:51.107834][U:admin@ornl.gov][A:get_job_meta f4b93d37-24b6-495e-b958-72a111c2f55c]
[E:fa443f24-127e-454d-ace1-057841d3eb96][T:2025-10-02 23:38:53.121460][U:admin@ornl.gov][A:get_job_meta f4b93d37-24b6-495e-b958-72a111c2f55c]
[E:a0ddcd2e-e358-44e8-9885-a2e09a651dbc][T:2025-10-02 23:38:55.135781][U:admin@ornl.gov][A:get_job_meta f4b93d37-24b6-495e-b958-72a111c2f55c]
[E:c21844b5-0a64-428b-9d5c-0159b378093b][T:2025-10-02 23:38:57.150039][U:admin@ornl.gov][A:get_job_meta f4b93d37-24b6-495e-b958-72a111c2f55c]
[E:2d091a56-9cae-4b4e-ac4b-52c7cdda5284][T:2025-10-02 23:38:59.163835][U:admin@ornl.gov][A:get_job_meta f4b93d37-24b6-495e-b958-72a111c2f55c]
[E:f6951b01-a7a2-4137-9a4e-505131549718][T:2025-10-02 23:39:01.177664][U:admin@ornl.gov][A:get_job_meta f4b93d37-24b6-495e-b958-72a111c2f55c]
[E:6f32a421-1e2a-4147-83fa-50b4584925a7][T:2025-10-02 23:39:03.191523][U:admin@ornl.gov][A:get_job_meta f4b93d37-24b6-495e-b958-72a111c2f55c]
[E:e30d11f3-a0cd-4d68-898b-597b78b2d23d][T:2025-10-02 23:39:05.205313][U:admin@ornl.gov][A:get_job_meta f4b93d37-24b6-495e-b958-72a111c2f55c]
[E:b6410ce5-0b67-44b0-a87f-c4c0665c343f][T:2025-10-02 23:39:06.812599][J:f4b93d37-24b6-495e-b958-72a111c2f55c][A:train#70d922f2-8c49-4938-bed4-212a06725e7d]sent task to client "site-7"
[E:a86de5a2-a1ae-430d-bde5-db2ba1e6d880][T:2025-10-02 23:39:07.219193][U:admin@ornl.gov][A:get_job_meta f4b93d37-24b6-495e-b958-72a111c2f55c]
[E:66ccb5b2-f24a-456f-9939-7b754f9e54cc][T:2025-10-02 23:39:07.600581][J:f4b93d37-24b6-495e-b958-72a111c2f55c][A:train#b9884f20-2b71-4287-8611-3acd10dda9d5]sent task to client "site-4"
[E:64f0d28c-0530-4b82-bca6-988c5c78820a][T:2025-10-02 23:39:08.041337][J:f4b93d37-24b6-495e-b958-72a111c2f55c][A:train#36c5e52e-f984-4135-9eba-dff5eab52a4f]sent task to client "site-3"
[E:a564e178-249b-47c2-bd46-8cd3f586d576][T:2025-10-02 23:39:08.468711][J:f4b93d37-24b6-495e-b958-72a111c2f55c][A:train#713c64e2-cfc0-4059-b976-e8e2adda8582]sent task to client "site-2"
[E:ff93c3b2-7ce1-4623-a7fe-38f13c8aaf6a][T:2025-10-02 23:39:08.496079][J:f4b93d37-24b6-495e-b958-72a111c2f55c][A:train#9f3aeca2-0166-43a9-844d-7a2290d40e8e]sent task to client "site-8"
[E:2ae33583-f366-4db1-8a69-a6f861526352][T:2025-10-02 23:39:09.169486][J:f4b93d37-24b6-495e-b958-72a111c2f55c][A:train#b7ff61d8-1b16-49fb-a021-9b3426eddb05]sent task to client "site-6"
[E:1162c319-85a8-47da-b6fe-8547312dfbe0][T:2025-10-02 23:39:09.233982][U:admin@ornl.gov][A:get_job_meta f4b93d37-24b6-495e-b958-72a111c2f55c]
[E:4cd5c2e8-4bc1-4d24-b4dc-17b58b9a6304][T:2025-10-02 23:39:09.534399][J:f4b93d37-24b6-495e-b958-72a111c2f55c][A:train#f2a6ba57-e3d5-4a97-838e-c37f3db030d3]sent task to client "site-5"
[E:8be530fe-c523-4cc0-9ad4-df8001b3866e][T:2025-10-02 23:39:09.895446][J:f4b93d37-24b6-495e-b958-72a111c2f55c][A:train#f38b75b0-3cf9-425e-9157-b3825e730775]sent task to client "site-1"
[E:9d17beae-87f1-43ba-83e0-7abc5a2b2145][T:2025-10-02 23:39:11.254627][U:admin@ornl.gov][A:get_job_meta f4b93d37-24b6-495e-b958-72a111c2f55c]
[E:b20806ab-42bb-438c-821f-6e111ceddb11][T:2025-10-02 23:39:13.278528][U:admin@ornl.gov][A:get_job_meta f4b93d37-24b6-495e-b958-72a111c2f55c]
[E:2b2c7fa1-56b1-47f7-b60e-27f3b6256ade][T:2025-10-02 23:39:15.300484][U:admin@ornl.gov][A:get_job_meta f4b93d37-24b6-495e-b958-72a111c2f55c]
[E:7a47ec05-a510-46fe-952b-dff6fcd095e7][T:2025-10-02 23:39:17.316993][U:admin@ornl.gov][A:get_job_meta f4b93d37-24b6-495e-b958-72a111c2f55c]
[E:5e8cbd22-0515-4726-bf44-9a6415c5e0d6][T:2025-10-02 23:39:19.332843][U:admin@ornl.gov][A:get_job_meta f4b93d37-24b6-495e-b958-72a111c2f55c]
[E:25072e17-bbbd-44d2-9320-a30374b51ba0][T:2025-10-02 23:39:21.345742][U:admin@ornl.gov][A:get_job_meta f4b93d37-24b6-495e-b958-72a111c2f55c]
[E:ed3d516f-3c1f-4409-95a6-dd507c9b21db][T:2025-10-02 23:39:23.359666][U:admin@ornl.gov][A:get_job_meta f4b93d37-24b6-495e-b958-72a111c2f55c]
[E:e927e049-9da9-46f7-811b-ebafbdd39e54][T:2025-10-02 23:39:25.373421][U:admin@ornl.gov][A:get_job_meta f4b93d37-24b6-495e-b958-72a111c2f55c]
[E:783ec0a7-cb43-4307-a98c-9d1cd24efda4][T:2025-10-02 23:39:27.387266][U:admin@ornl.gov][A:get_job_meta f4b93d37-24b6-495e-b958-72a111c2f55c]
[E:58439248-63c7-4b3c-913e-e6f24d34f629][T:2025-10-02 23:39:29.401129][U:admin@ornl.gov][A:get_job_meta f4b93d37-24b6-495e-b958-72a111c2f55c]
[E:c203482a-031d-41ab-8320-5992fe652fd6][T:2025-10-02 23:39:31.414810][U:admin@ornl.gov][A:get_job_meta f4b93d37-24b6-495e-b958-72a111c2f55c]
[E:184f0ac4-e207-441e-848d-550103a9ffea][T:2025-10-02 23:39:33.429147][U:admin@ornl.gov][A:get_job_meta f4b93d37-24b6-495e-b958-72a111c2f55c]
[E:3ff2dd6a-0b02-455e-9a84-e6657e12cadf][T:2025-10-02 23:39:35.443544][U:admin@ornl.gov][A:get_job_meta f4b93d37-24b6-495e-b958-72a111c2f55c]
[E:60d19c23-941a-4380-8908-d672c0c75bfa][T:2025-10-02 23:39:37.457976][U:admin@ornl.gov][A:get_job_meta f4b93d37-24b6-495e-b958-72a111c2f55c]
[E:bb56e3fc-112b-4f77-bb32-c39b69ff4a49][T:2025-10-02 23:39:39.472165][U:admin@ornl.gov][A:get_job_meta f4b93d37-24b6-495e-b958-72a111c2f55c]
[E:929f0fc3-f031-4158-8578-0b169e0a4ed1][T:2025-10-02 23:39:41.486038][U:admin@ornl.gov][A:get_job_meta f4b93d37-24b6-495e-b958-72a111c2f55c]
[E:b6bffae6-4762-4efa-a023-72457f9e23b4][T:2025-10-02 23:39:43.500114][U:admin@ornl.gov][A:get_job_meta f4b93d37-24b6-495e-b958-72a111c2f55c]
[E:69d37b71-f488-4ab7-b7a9-b8d408e78b8c][T:2025-10-02 23:39:45.514246][U:admin@ornl.gov][A:get_job_meta f4b93d37-24b6-495e-b958-72a111c2f55c]
[E:cfe364d1-ab4b-4135-b1c5-5fe82d129b70][T:2025-10-02 23:39:47.528324][U:admin@ornl.gov][A:get_job_meta f4b93d37-24b6-495e-b958-72a111c2f55c]
[E:a896973e-c515-4103-801a-da7a89dd0ad0][T:2025-10-02 23:39:49.542755][U:admin@ornl.gov][A:get_job_meta f4b93d37-24b6-495e-b958-72a111c2f55c]
[E:5c0c5866-12b0-4d03-a2cc-9e381afd442e][T:2025-10-02 23:39:51.557064][U:admin@ornl.gov][A:get_job_meta f4b93d37-24b6-495e-b958-72a111c2f55c]
[E:fe9a3a30-e732-4663-8733-4d9ff980d81a][T:2025-10-02 23:39:53.570395][U:admin@ornl.gov][A:get_job_meta f4b93d37-24b6-495e-b958-72a111c2f55c]
[E:6e6ce965-350b-4569-8ee5-357112344783][T:2025-10-02 23:39:55.585359][U:admin@ornl.gov][A:get_job_meta f4b93d37-24b6-495e-b958-72a111c2f55c]
[E:86031cac-6c17-42b0-8ab0-e30b838866e6][T:2025-10-02 23:39:57.599298][U:admin@ornl.gov][A:get_job_meta f4b93d37-24b6-495e-b958-72a111c2f55c]
[E:78826110-7b1b-4056-91fd-cbe0588e4964][T:2025-10-02 23:39:59.613654][U:admin@ornl.gov][A:get_job_meta f4b93d37-24b6-495e-b958-72a111c2f55c]
[E:00d213e5-180b-4620-ae49-ca34498349a6][T:2025-10-02 23:40:01.627411][U:admin@ornl.gov][A:get_job_meta f4b93d37-24b6-495e-b958-72a111c2f55c]
[E:71b69043-a8ea-4ec8-b812-4316ed72b0d8][T:2025-10-02 23:40:03.641862][U:admin@ornl.gov][A:get_job_meta f4b93d37-24b6-495e-b958-72a111c2f55c]
[E:1a50e0df-a795-46a5-8279-593cfe280e9f][T:2025-10-02 23:40:05.655459][U:admin@ornl.gov][A:get_job_meta f4b93d37-24b6-495e-b958-72a111c2f55c]
[E:be6db833-095e-45d6-a385-fabab6aa7df6][T:2025-10-02 23:40:07.669358][U:admin@ornl.gov][A:get_job_meta f4b93d37-24b6-495e-b958-72a111c2f55c]
[E:186d24cb-5b16-4faa-8a1f-62b2848f3805][T:2025-10-02 23:40:09.683373][U:admin@ornl.gov][A:get_job_meta f4b93d37-24b6-495e-b958-72a111c2f55c]
[E:d33b1d5a-9b68-423c-807e-ea8a6bc3c55f][T:2025-10-02 23:40:11.696901][U:admin@ornl.gov][A:get_job_meta f4b93d37-24b6-495e-b958-72a111c2f55c]
[E:4cecef55-9ceb-477a-8cce-9ba9fcdc8db7][T:2025-10-02 23:40:13.710392][U:admin@ornl.gov][A:get_job_meta f4b93d37-24b6-495e-b958-72a111c2f55c]
[E:7c0179ec-816d-4563-aacc-eb15889dfdc2][T:2025-10-02 23:40:15.724618][U:admin@ornl.gov][A:get_job_meta f4b93d37-24b6-495e-b958-72a111c2f55c]
[E:a7a6eb7a-bc4e-48a2-b731-d530888d8e32][T:2025-10-02 23:40:17.738400][U:admin@ornl.gov][A:get_job_meta f4b93d37-24b6-495e-b958-72a111c2f55c]
[E:be42aca8-1fff-4ace-aee5-750c8ea906de][T:2025-10-02 23:40:19.752356][U:admin@ornl.gov][A:get_job_meta f4b93d37-24b6-495e-b958-72a111c2f55c]
[E:f1f20221-c820-4e29-9363-558980aef3d3][T:2025-10-02 23:40:21.767615][U:admin@ornl.gov][A:get_job_meta f4b93d37-24b6-495e-b958-72a111c2f55c]
[E:eb388bc3-8c95-4571-acde-1d4e954523f6][T:2025-10-02 23:40:23.781849][U:admin@ornl.gov][A:get_job_meta f4b93d37-24b6-495e-b958-72a111c2f55c]
[E:794e179d-13f9-4e45-9373-b1b4bb1acf5a][T:2025-10-02 23:42:54.417939][U:?][A:_cert_login admin@ornl.gov]
[E:855c5d3e-f958-4910-a489-f37a508f126f][T:2025-10-02 23:42:54.582784][U:admin@ornl.gov][A:job_mgmt.submit_job bert_ncbi_gaussian_8]
[E:f2a86cf8-503f-4989-a60f-bd5889856691][T:2025-10-02 23:42:54.598147][U:admin@ornl.gov][A:get_job_meta de67ee28-8498-461e-a0c5-bf788cf7c9fe]
[E:255b51b1-a1e6-4088-be1b-f3f9101cec26][T:2025-10-02 23:42:58.603726][U:admin@ornl.gov][A:get_job_meta de67ee28-8498-461e-a0c5-bf788cf7c9fe]
[E:b48a0eb1-9605-4957-b912-7abd22355e0f][T:2025-10-02 23:43:00.621208][U:admin@ornl.gov][A:get_job_meta de67ee28-8498-461e-a0c5-bf788cf7c9fe]
[E:ca5d019b-258b-40ec-8852-7a58dda9d863][T:2025-10-02 23:43:02.637865][U:admin@ornl.gov][A:get_job_meta de67ee28-8498-461e-a0c5-bf788cf7c9fe]
[E:6dd4f477-3802-4ae9-9d73-c3e559a8fce9][T:2025-10-02 23:43:04.657241][U:admin@ornl.gov][A:get_job_meta de67ee28-8498-461e-a0c5-bf788cf7c9fe]
[E:48574b32-f326-4aaa-b9d6-1d1c0c76b2f3][T:2025-10-02 23:43:06.674017][U:admin@ornl.gov][A:get_job_meta de67ee28-8498-461e-a0c5-bf788cf7c9fe]
[E:3cd89079-f6ac-4d78-9820-5b40f2676d8e][T:2025-10-02 23:43:08.690479][U:admin@ornl.gov][A:get_job_meta de67ee28-8498-461e-a0c5-bf788cf7c9fe]
[E:501935af-f847-49d3-9c09-eb65ec37ed97][T:2025-10-02 23:43:10.707061][U:admin@ornl.gov][A:get_job_meta de67ee28-8498-461e-a0c5-bf788cf7c9fe]
[E:1bd908a1-cc63-43ae-a3b4-e31b3d973dae][T:2025-10-02 23:43:12.190674][J:de67ee28-8498-461e-a0c5-bf788cf7c9fe][A:train#89fc379f-fc66-43cf-ab18-44b818b6d3e6]sent task to client "site-3"
[E:40a661d2-3002-4f71-ad9c-805c7efd633f][T:2025-10-02 23:43:12.723462][U:admin@ornl.gov][A:get_job_meta de67ee28-8498-461e-a0c5-bf788cf7c9fe]
[E:f7c5f9ee-a340-41b7-b1ca-337ca172322a][T:2025-10-02 23:43:12.728323][J:de67ee28-8498-461e-a0c5-bf788cf7c9fe][A:train#8bd0ffeb-a9aa-440a-a550-974f96c40b1f]sent task to client "site-2"
[E:87bd5ba0-d300-4670-a05d-49154a136eee][T:2025-10-02 23:43:12.801708][J:de67ee28-8498-461e-a0c5-bf788cf7c9fe][A:train#084fa6c0-4071-474a-8a70-d732a91264cf]sent task to client "site-8"
[E:6e230c3c-5e88-4a1c-8dd0-8e4d0f747b98][T:2025-10-02 23:43:13.141061][J:de67ee28-8498-461e-a0c5-bf788cf7c9fe][A:train#6f474312-9e8b-4703-828c-457a03695604]sent task to client "site-4"
[E:3da1e04e-84fc-420f-938f-3b545e2f4cc4][T:2025-10-02 23:43:13.498863][J:de67ee28-8498-461e-a0c5-bf788cf7c9fe][A:train#0ece918a-775c-44d5-9a78-a08d0546753e]sent task to client "site-6"
[E:cdbe4dd1-0511-41af-abcb-c4c8a546dfb9][T:2025-10-02 23:43:13.961369][J:de67ee28-8498-461e-a0c5-bf788cf7c9fe][A:train#accdfc08-8f8a-4fe8-bff5-276d7c6a556c]sent task to client "site-5"
[E:610e8c54-c5ac-4918-b1fe-577f63ce766b][T:2025-10-02 23:43:14.286742][J:de67ee28-8498-461e-a0c5-bf788cf7c9fe][A:train#9f0eb510-bdb9-4886-ac0d-ad069bc63676]sent task to client "site-7"
[E:486400ff-be9b-478e-856e-07255f12ac09][T:2025-10-02 23:43:14.662246][J:de67ee28-8498-461e-a0c5-bf788cf7c9fe][A:train#4f0f6cf2-7715-4ad9-951f-a14a0b248fd0]sent task to client "site-1"
[E:eec0361e-e3b2-4545-9236-0d0edcf05548][T:2025-10-02 23:43:14.738445][U:admin@ornl.gov][A:get_job_meta de67ee28-8498-461e-a0c5-bf788cf7c9fe]
[E:f6e4a2d1-5402-4162-8f66-723c7504ecd8][T:2025-10-02 23:43:16.758900][U:admin@ornl.gov][A:get_job_meta de67ee28-8498-461e-a0c5-bf788cf7c9fe]
[E:d122cf41-2f1e-44c8-97c6-a62309bd9485][T:2025-10-02 23:43:18.785119][U:admin@ornl.gov][A:get_job_meta de67ee28-8498-461e-a0c5-bf788cf7c9fe]
[E:b5777f6a-cafc-4d1f-b8f3-00c3ffb28475][T:2025-10-02 23:43:20.801512][U:admin@ornl.gov][A:get_job_meta de67ee28-8498-461e-a0c5-bf788cf7c9fe]
[E:5607d61a-f7d1-4736-b908-4cf0e0bceb1e][T:2025-10-02 23:43:22.815920][U:admin@ornl.gov][A:get_job_meta de67ee28-8498-461e-a0c5-bf788cf7c9fe]
[E:dd0659ed-eddb-47f2-a41b-66f3c662a5bd][T:2025-10-02 23:43:24.830230][U:admin@ornl.gov][A:get_job_meta de67ee28-8498-461e-a0c5-bf788cf7c9fe]
[E:23819b61-01b7-48c3-aa51-25d16f6ea9fb][T:2025-10-02 23:43:26.844676][U:admin@ornl.gov][A:get_job_meta de67ee28-8498-461e-a0c5-bf788cf7c9fe]
[E:0c682e80-794b-4422-8134-d4bec8882f14][T:2025-10-02 23:43:28.859313][U:admin@ornl.gov][A:get_job_meta de67ee28-8498-461e-a0c5-bf788cf7c9fe]
[E:faaf3700-d31b-4cb0-8c41-47cc5ab8c6ec][T:2025-10-02 23:43:30.873145][U:admin@ornl.gov][A:get_job_meta de67ee28-8498-461e-a0c5-bf788cf7c9fe]
[E:9bcee2b4-9b8d-42a0-8a4c-92512861bf17][T:2025-10-02 23:43:32.886994][U:admin@ornl.gov][A:get_job_meta de67ee28-8498-461e-a0c5-bf788cf7c9fe]
[E:e0e803b2-8165-435b-9247-c36059f6ee2f][T:2025-10-02 23:43:34.901379][U:admin@ornl.gov][A:get_job_meta de67ee28-8498-461e-a0c5-bf788cf7c9fe]
[E:50679737-c5e9-41ac-b8d7-e6ffb6860698][T:2025-10-02 23:43:36.915671][U:admin@ornl.gov][A:get_job_meta de67ee28-8498-461e-a0c5-bf788cf7c9fe]
[E:a8034945-947c-4958-8b6e-55b40df977ca][T:2025-10-02 23:43:38.930939][U:admin@ornl.gov][A:get_job_meta de67ee28-8498-461e-a0c5-bf788cf7c9fe]
[E:03455d89-a26c-4d36-917a-6a05d72ec3d0][T:2025-10-02 23:43:40.950405][U:admin@ornl.gov][A:get_job_meta de67ee28-8498-461e-a0c5-bf788cf7c9fe]
[E:26828f47-814f-49f4-bb92-8d80a8157fb0][T:2025-10-02 23:43:42.965006][U:admin@ornl.gov][A:get_job_meta de67ee28-8498-461e-a0c5-bf788cf7c9fe]
[E:cc804914-0d52-4aa1-963b-5f2f5f2f196c][T:2025-10-02 23:43:44.984022][U:admin@ornl.gov][A:get_job_meta de67ee28-8498-461e-a0c5-bf788cf7c9fe]
[E:37b0b4ce-3375-4314-a210-f377fc74540d][T:2025-10-02 23:43:46.998711][U:admin@ornl.gov][A:get_job_meta de67ee28-8498-461e-a0c5-bf788cf7c9fe]
[E:55dd6a9f-1c02-4375-b9f1-4c7131e43e84][T:2025-10-02 23:43:49.012341][U:admin@ornl.gov][A:get_job_meta de67ee28-8498-461e-a0c5-bf788cf7c9fe]
[E:f9dbe33c-c987-4d29-b120-09f9abafbc02][T:2025-10-02 23:43:51.026759][U:admin@ornl.gov][A:get_job_meta de67ee28-8498-461e-a0c5-bf788cf7c9fe]
[E:6d5d9540-3f59-4781-8d57-d1280b399544][T:2025-10-02 23:43:53.046228][U:admin@ornl.gov][A:get_job_meta de67ee28-8498-461e-a0c5-bf788cf7c9fe]
[E:194d1593-3c40-42dd-948b-32963e2067c5][T:2025-10-02 23:43:55.061188][U:admin@ornl.gov][A:get_job_meta de67ee28-8498-461e-a0c5-bf788cf7c9fe]
[E:68e86d3a-84de-4889-86b4-dedecb915f33][T:2025-10-02 23:43:57.081787][U:admin@ornl.gov][A:get_job_meta de67ee28-8498-461e-a0c5-bf788cf7c9fe]
[E:2fcc433e-7f9d-4224-9431-69a5e7f7ab43][T:2025-10-02 23:43:59.096362][U:admin@ornl.gov][A:get_job_meta de67ee28-8498-461e-a0c5-bf788cf7c9fe]
[E:c97d18f0-dcc5-40e1-b9d0-ae70bd0fdce5][T:2025-10-02 23:44:01.110114][U:admin@ornl.gov][A:get_job_meta de67ee28-8498-461e-a0c5-bf788cf7c9fe]
[E:dabb4f80-1de3-4d1a-90b3-c71291fe4e65][T:2025-10-02 23:44:03.123475][U:admin@ornl.gov][A:get_job_meta de67ee28-8498-461e-a0c5-bf788cf7c9fe]
[E:f9dea3bb-b898-4f6f-9df6-d5968d9f7178][T:2025-10-02 23:44:05.143555][U:admin@ornl.gov][A:get_job_meta de67ee28-8498-461e-a0c5-bf788cf7c9fe]
[E:60f3377c-0c5c-47ea-aedc-0554368a3db8][T:2025-10-02 23:44:07.157635][U:admin@ornl.gov][A:get_job_meta de67ee28-8498-461e-a0c5-bf788cf7c9fe]
[E:4fac1e28-261b-4fff-aa98-61d4c16de72e][T:2025-10-02 23:44:09.171323][U:admin@ornl.gov][A:get_job_meta de67ee28-8498-461e-a0c5-bf788cf7c9fe]
[E:23895b92-19e2-4ab7-8702-c6f6d9b86612][T:2025-10-02 23:44:11.185783][U:admin@ornl.gov][A:get_job_meta de67ee28-8498-461e-a0c5-bf788cf7c9fe]
[E:f30bf36b-144b-444e-aa93-e7467a82ba5c][T:2025-10-02 23:44:13.203700][U:admin@ornl.gov][A:get_job_meta de67ee28-8498-461e-a0c5-bf788cf7c9fe]
[E:728cb469-e5f7-4fee-8e12-7baf9973207b][T:2025-10-02 23:44:15.223050][U:admin@ornl.gov][A:get_job_meta de67ee28-8498-461e-a0c5-bf788cf7c9fe]
[E:b0bfabf0-1c3c-4dad-87cd-4c574a757d08][T:2025-10-02 23:44:17.238638][U:admin@ornl.gov][A:get_job_meta de67ee28-8498-461e-a0c5-bf788cf7c9fe]
[E:d9508e05-41f3-4e14-be37-2085e9986966][T:2025-10-02 23:44:19.253359][U:admin@ornl.gov][A:get_job_meta de67ee28-8498-461e-a0c5-bf788cf7c9fe]
[E:62263138-d2e6-4722-80f1-7ab3e13678c2][T:2025-10-02 23:44:21.268686][U:admin@ornl.gov][A:get_job_meta de67ee28-8498-461e-a0c5-bf788cf7c9fe]
[E:e0bede8c-7683-4e27-a74a-b8c569bf059b][T:2025-10-02 23:44:23.283466][U:admin@ornl.gov][A:get_job_meta de67ee28-8498-461e-a0c5-bf788cf7c9fe]
[E:4f5a067e-11a7-493b-81ce-655aab9b2771][T:2025-10-02 23:44:25.298280][U:admin@ornl.gov][A:get_job_meta de67ee28-8498-461e-a0c5-bf788cf7c9fe]
[E:9711afc5-22b9-45ba-8489-d6edf2904d17][T:2025-10-02 23:44:27.312912][U:admin@ornl.gov][A:get_job_meta de67ee28-8498-461e-a0c5-bf788cf7c9fe]
[E:66714e9b-f0b9-495a-a550-e9fd1c7de8c6][T:2025-10-02 23:44:29.327585][U:admin@ornl.gov][A:get_job_meta de67ee28-8498-461e-a0c5-bf788cf7c9fe]
[E:37823ab8-b9a2-4e1e-be89-606ea4d2cab0][T:2025-10-02 23:44:31.341118][U:admin@ornl.gov][A:get_job_meta de67ee28-8498-461e-a0c5-bf788cf7c9fe]
[E:2995c237-3052-4ced-b161-d1e635afba7d][T:2025-10-02 23:44:33.356052][U:admin@ornl.gov][A:get_job_meta de67ee28-8498-461e-a0c5-bf788cf7c9fe]
[E:22b7738d-6577-4460-8db0-72fe709de500][T:2025-10-02 23:44:35.378071][U:admin@ornl.gov][A:get_job_meta de67ee28-8498-461e-a0c5-bf788cf7c9fe]
[E:01288a73-ec57-4fea-9cc3-41034c51177c][T:2025-10-02 23:44:37.397539][U:admin@ornl.gov][A:get_job_meta de67ee28-8498-461e-a0c5-bf788cf7c9fe]
[E:8b1a8394-f4b3-4ec0-907c-dd308ba46406][T:2025-10-02 23:44:39.420346][U:admin@ornl.gov][A:get_job_meta de67ee28-8498-461e-a0c5-bf788cf7c9fe]
[E:d0e91cbc-ed96-49d0-b72c-71cb741aaebe][T:2025-10-02 23:44:41.437844][U:admin@ornl.gov][A:get_job_meta de67ee28-8498-461e-a0c5-bf788cf7c9fe]
[E:12952c00-c5c1-48a2-a7aa-6e3b24d94f81][T:2025-10-02 23:44:43.455926][U:admin@ornl.gov][A:get_job_meta de67ee28-8498-461e-a0c5-bf788cf7c9fe]
[E:5a4718b3-8aae-4878-9c50-cf5da0e51fc4][R:329db6b4-6653-4a72-b65c-7f56c55f3727][T:2025-10-02 23:44:44.329918][J:de67ee28-8498-461e-a0c5-bf788cf7c9fe][A:train#9f0eb510-bdb9-4886-ac0d-ad069bc63676]received result from client 'site-7'
[E:ea25eff3-b014-4b2a-9be1-847119354c8b][T:2025-10-02 23:44:45.470219][U:admin@ornl.gov][A:get_job_meta de67ee28-8498-461e-a0c5-bf788cf7c9fe]
[E:2efc93c3-29f3-4839-afce-d60f9b0e927c][T:2025-10-02 23:44:47.484372][U:admin@ornl.gov][A:get_job_meta de67ee28-8498-461e-a0c5-bf788cf7c9fe]
[E:46d0d6f3-9a32-49ac-8e8d-0b6a8f0a4d19][T:2025-10-02 23:44:49.498618][U:admin@ornl.gov][A:get_job_meta de67ee28-8498-461e-a0c5-bf788cf7c9fe]
[E:7176061f-1f13-4d64-a439-ff99032823dd][R:6d25cf70-c844-4679-b560-94925c12b1eb][T:2025-10-02 23:44:51.383929][J:de67ee28-8498-461e-a0c5-bf788cf7c9fe][A:train#084fa6c0-4071-474a-8a70-d732a91264cf]received result from client 'site-8'
[E:a6e8be60-78bd-4a47-8069-8c9eea356671][T:2025-10-02 23:44:51.521801][U:admin@ornl.gov][A:get_job_meta de67ee28-8498-461e-a0c5-bf788cf7c9fe]
[E:5392802b-84a9-4b3e-b3e0-b17f00a8b47c][R:81b18ed9-c9e2-4b94-8aab-6ec77a4dd4ff][T:2025-10-02 23:44:51.795222][J:de67ee28-8498-461e-a0c5-bf788cf7c9fe][A:train#accdfc08-8f8a-4fe8-bff5-276d7c6a556c]received result from client 'site-5'
[E:18297209-4fbc-4fe1-baca-55b101dfcaa2][R:b2abd177-5bab-4e4f-bfe8-d6102916aa59][T:2025-10-02 23:44:51.795403][J:de67ee28-8498-461e-a0c5-bf788cf7c9fe][A:train#4f0f6cf2-7715-4ad9-951f-a14a0b248fd0]received result from client 'site-1'
[E:904030f6-db5a-4f3a-ac18-6ba61b1e8031][R:d2f3d090-854a-4495-82ce-cf9fdc5ab490][T:2025-10-02 23:44:51.795611][J:de67ee28-8498-461e-a0c5-bf788cf7c9fe][A:train#6f474312-9e8b-4703-828c-457a03695604]received result from client 'site-4'
[E:7a2a3722-89be-4996-a647-840defbe6cf4][R:0662fec7-4d79-44cc-8c22-4d31650dc02f][T:2025-10-02 23:44:51.799440][J:de67ee28-8498-461e-a0c5-bf788cf7c9fe][A:train#0ece918a-775c-44d5-9a78-a08d0546753e]received result from client 'site-6'
[E:58b7b26a-e41d-4199-91f6-51c773c91fef][R:9422ea76-f024-40eb-8343-6a2f8f81333b][T:2025-10-02 23:44:51.799289][J:de67ee28-8498-461e-a0c5-bf788cf7c9fe][A:train#8bd0ffeb-a9aa-440a-a550-974f96c40b1f]received result from client 'site-2'
[E:07ee4d8a-b24c-4527-8504-5b9a70cab199][R:4a317a9b-3c5e-4460-b924-d8a686ed9ab4][T:2025-10-02 23:44:51.795548][J:de67ee28-8498-461e-a0c5-bf788cf7c9fe][A:train#89fc379f-fc66-43cf-ab18-44b818b6d3e6]received result from client 'site-3'
[E:4981d0bd-e688-4d5d-b61f-3f443468b075][T:2025-10-02 23:44:53.537884][U:admin@ornl.gov][A:get_job_meta de67ee28-8498-461e-a0c5-bf788cf7c9fe]
[E:bfaae02a-641e-4f38-8323-3bf0ac81dd6c][T:2025-10-02 23:44:55.552835][U:admin@ornl.gov][A:get_job_meta de67ee28-8498-461e-a0c5-bf788cf7c9fe]
[E:e51d8bdd-a374-4693-a61e-cc5d42fa4855][T:2025-10-02 23:44:56.120752][J:de67ee28-8498-461e-a0c5-bf788cf7c9fe][A:train#7c5af8b7-2903-4ea0-819e-218ed8a8d868]sent task to client "site-3"
[E:b99ca10e-958f-4a03-a98b-299a29b3db44][T:2025-10-02 23:44:56.299954][J:de67ee28-8498-461e-a0c5-bf788cf7c9fe][A:train#793dcf17-9284-44ac-b1d2-661229482f0f]sent task to client "site-5"
[E:d41c6adf-b372-443c-87ea-0f3e35c48a3d][T:2025-10-02 23:44:56.683965][J:de67ee28-8498-461e-a0c5-bf788cf7c9fe][A:train#cc362bf0-2fcf-4cb4-a279-35da6131ae46]sent task to client "site-1"
[E:9f4ee69e-fbdb-4d66-ae1a-40c27353d04f][T:2025-10-02 23:44:57.365094][J:de67ee28-8498-461e-a0c5-bf788cf7c9fe][A:train#9ecf258f-e53f-44cb-834f-13b693346ab8]sent task to client "site-4"
[E:0d91b997-ad10-4ab1-ba53-d8ddc04b890d][T:2025-10-02 23:44:57.567374][U:admin@ornl.gov][A:get_job_meta de67ee28-8498-461e-a0c5-bf788cf7c9fe]
[E:68dc1843-46e5-496b-aba3-4d6826ece439][T:2025-10-02 23:44:57.574190][J:de67ee28-8498-461e-a0c5-bf788cf7c9fe][A:train#444277a3-a8ad-4e12-9d02-e84643311d95]sent task to client "site-6"
[E:0cb235b4-eccc-4284-8a8c-4ff32922df92][T:2025-10-02 23:44:58.012467][J:de67ee28-8498-461e-a0c5-bf788cf7c9fe][A:train#b489786c-e9b9-41fd-9840-0e4cf73192f8]sent task to client "site-2"
[E:862b5dc8-a31f-4586-9b94-bb26e24df989][T:2025-10-02 23:44:58.253003][J:de67ee28-8498-461e-a0c5-bf788cf7c9fe][A:train#13e4481d-0408-4ec0-9842-896a4388d6a5]sent task to client "site-7"
[E:360e429c-3c18-49bb-8ed6-69ce45d372df][T:2025-10-02 23:44:58.354599][J:de67ee28-8498-461e-a0c5-bf788cf7c9fe][A:train#fdf572bd-98e0-44c4-91c8-78e088658ef0]sent task to client "site-8"
[E:fd175cf2-c850-4c28-bd57-a5afdcf4d41e][T:2025-10-02 23:44:59.596185][U:admin@ornl.gov][A:get_job_meta de67ee28-8498-461e-a0c5-bf788cf7c9fe]
[E:4d38e317-c366-4cd8-a3ae-d8486b7c6550][T:2025-10-02 23:45:01.620665][U:admin@ornl.gov][A:get_job_meta de67ee28-8498-461e-a0c5-bf788cf7c9fe]
[E:f242ddf3-034a-41bb-b6d8-b8d7c170f57a][T:2025-10-02 23:45:03.650727][U:admin@ornl.gov][A:get_job_meta de67ee28-8498-461e-a0c5-bf788cf7c9fe]
[E:df16dd34-242f-4d46-9c0c-2b4e33359d62][T:2025-10-02 23:45:05.676966][U:admin@ornl.gov][A:get_job_meta de67ee28-8498-461e-a0c5-bf788cf7c9fe]
[E:824f6078-5a26-4107-a303-8d5a72b6875f][T:2025-10-02 23:45:07.696901][U:admin@ornl.gov][A:get_job_meta de67ee28-8498-461e-a0c5-bf788cf7c9fe]
[E:4e00796b-de20-4bdf-b01f-227981428531][T:2025-10-02 23:45:09.713899][U:admin@ornl.gov][A:get_job_meta de67ee28-8498-461e-a0c5-bf788cf7c9fe]
[E:4715ba91-e8ef-48e0-adab-c255459d162d][T:2025-10-02 23:45:11.728541][U:admin@ornl.gov][A:get_job_meta de67ee28-8498-461e-a0c5-bf788cf7c9fe]
[E:ce75610d-8421-47ff-ae6f-0064adee96c4][T:2025-10-02 23:45:13.747678][U:admin@ornl.gov][A:get_job_meta de67ee28-8498-461e-a0c5-bf788cf7c9fe]
[E:682657a5-0c3f-4312-934c-c3dded8aad47][T:2025-10-02 23:45:15.761901][U:admin@ornl.gov][A:get_job_meta de67ee28-8498-461e-a0c5-bf788cf7c9fe]
[E:7d9d0f13-ae0f-4a6a-8b67-8f825d561e9d][T:2025-10-02 23:45:17.776338][U:admin@ornl.gov][A:get_job_meta de67ee28-8498-461e-a0c5-bf788cf7c9fe]
[E:7e72cb66-2ed5-4811-9ead-20b9d3e34a04][T:2025-10-02 23:45:19.789796][U:admin@ornl.gov][A:get_job_meta de67ee28-8498-461e-a0c5-bf788cf7c9fe]
[E:8075a332-333e-4d61-907d-0834393303c3][T:2025-10-02 23:45:21.803989][U:admin@ornl.gov][A:get_job_meta de67ee28-8498-461e-a0c5-bf788cf7c9fe]
[E:edddaa0f-699e-4227-b647-fa22df15732a][T:2025-10-02 23:45:23.818410][U:admin@ornl.gov][A:get_job_meta de67ee28-8498-461e-a0c5-bf788cf7c9fe]
[E:1a2bfb3c-241b-4225-af85-5d5d671052a7][T:2025-10-02 23:45:25.832797][U:admin@ornl.gov][A:get_job_meta de67ee28-8498-461e-a0c5-bf788cf7c9fe]
[E:35ce37cf-46ba-4903-a2cf-d9203b242d78][T:2025-10-02 23:45:27.847443][U:admin@ornl.gov][A:get_job_meta de67ee28-8498-461e-a0c5-bf788cf7c9fe]
[E:97b020a2-4e84-4624-af61-edc237bffa73][T:2025-10-02 23:45:29.861428][U:admin@ornl.gov][A:get_job_meta de67ee28-8498-461e-a0c5-bf788cf7c9fe]
[E:ff69cbed-72b1-411c-8bb7-e233568136af][T:2025-10-02 23:45:31.875954][U:admin@ornl.gov][A:get_job_meta de67ee28-8498-461e-a0c5-bf788cf7c9fe]
[E:7fb4c01b-372d-4ccb-8fbf-f703543cb57f][T:2025-10-02 23:45:33.890232][U:admin@ornl.gov][A:get_job_meta de67ee28-8498-461e-a0c5-bf788cf7c9fe]
[E:f789c079-14b7-47c9-b551-849148f98114][T:2025-10-02 23:45:35.906101][U:admin@ornl.gov][A:get_job_meta de67ee28-8498-461e-a0c5-bf788cf7c9fe]
[E:aa52537e-cac5-4674-8be0-e4b26f5fe8eb][T:2025-10-02 23:45:37.920378][U:admin@ornl.gov][A:get_job_meta de67ee28-8498-461e-a0c5-bf788cf7c9fe]
[E:33dc4390-3a7d-422b-a31c-f37fe493ea90][T:2025-10-02 23:45:39.934579][U:admin@ornl.gov][A:get_job_meta de67ee28-8498-461e-a0c5-bf788cf7c9fe]
[E:412d9cad-05a1-4ce0-b62b-990349db13a9][T:2025-10-02 23:45:41.948677][U:admin@ornl.gov][A:get_job_meta de67ee28-8498-461e-a0c5-bf788cf7c9fe]
[E:e701bc3d-751d-4493-a2d3-41b09888b494][T:2025-10-02 23:45:43.962392][U:admin@ornl.gov][A:get_job_meta de67ee28-8498-461e-a0c5-bf788cf7c9fe]
[E:535cc8f4-82b1-4e83-95d7-2a0cca3b67b0][T:2025-10-02 23:45:45.977940][U:admin@ornl.gov][A:get_job_meta de67ee28-8498-461e-a0c5-bf788cf7c9fe]
[E:a16a718f-ba56-41fc-9d4d-e19f817db551][T:2025-10-02 23:45:47.992821][U:admin@ornl.gov][A:get_job_meta de67ee28-8498-461e-a0c5-bf788cf7c9fe]
[E:c6b96cfd-1483-4724-8bc0-f1f7b4337998][T:2025-10-02 23:45:50.007373][U:admin@ornl.gov][A:get_job_meta de67ee28-8498-461e-a0c5-bf788cf7c9fe]
[E:94af1027-6424-44c7-9ea1-e5f57baa0c1e][T:2025-10-02 23:45:52.022338][U:admin@ornl.gov][A:get_job_meta de67ee28-8498-461e-a0c5-bf788cf7c9fe]
[E:710f0f2b-6034-47a8-a466-e1ee8ffb97c6][T:2025-10-02 23:45:54.037297][U:admin@ornl.gov][A:get_job_meta de67ee28-8498-461e-a0c5-bf788cf7c9fe]
[E:65f0ded5-bec2-49b9-9f1f-1852a4bb3a35][T:2025-10-02 23:45:56.052169][U:admin@ornl.gov][A:get_job_meta de67ee28-8498-461e-a0c5-bf788cf7c9fe]
[E:e598ee66-c52d-4389-9d86-b15d30b9ae57][T:2025-10-02 23:45:58.066920][U:admin@ornl.gov][A:get_job_meta de67ee28-8498-461e-a0c5-bf788cf7c9fe]
[E:75c40c88-b006-4c72-8a15-7b23fc6ebc84][T:2025-10-02 23:46:00.088146][U:admin@ornl.gov][A:get_job_meta de67ee28-8498-461e-a0c5-bf788cf7c9fe]
[E:b1917bf2-c861-4b64-9860-4e5f1a04ce0f][T:2025-10-02 23:46:00.774840][U:?][A:_cert_login admin@ornl.gov]
[E:58246a54-39dc-4639-9cea-81f63f430f69][R:675b55e6-1829-475d-9de5-f17d9e841c6f][T:2025-10-02 23:46:01.474549][J:de67ee28-8498-461e-a0c5-bf788cf7c9fe][A:train#7c5af8b7-2903-4ea0-819e-218ed8a8d868]received result from client 'site-3'
[E:d351bc7d-68a2-455f-aba2-c3e2d47cc78c][T:2025-10-02 23:46:02.108840][U:admin@ornl.gov][A:get_job_meta de67ee28-8498-461e-a0c5-bf788cf7c9fe]
[E:518f8da6-b118-4bde-aad4-4efc66f5aed6][T:2025-10-02 23:46:04.135357][U:admin@ornl.gov][A:get_job_meta de67ee28-8498-461e-a0c5-bf788cf7c9fe]
[E:e72f1ee1-6808-4598-b1b4-d497e0aa31de][T:2025-10-02 23:46:06.160814][U:admin@ornl.gov][A:get_job_meta de67ee28-8498-461e-a0c5-bf788cf7c9fe]
[E:37cff1f7-102e-4f67-bcce-8d748c935d71][T:2025-10-02 23:46:07.701157][U:admin@ornl.gov][A:list_jobs]
[E:f26be4ee-ad69-4c4c-836f-b8bfc80f4c28][T:2025-10-02 23:46:08.190678][U:admin@ornl.gov][A:get_job_meta de67ee28-8498-461e-a0c5-bf788cf7c9fe]
[E:db6f04ec-c26e-4441-943b-e64c5766db4a][T:2025-10-02 23:46:10.218737][U:admin@ornl.gov][A:get_job_meta de67ee28-8498-461e-a0c5-bf788cf7c9fe]
[E:97fb63bb-4422-4fbb-932c-a91c6bf8cce2][R:8707976c-afac-4284-acc2-acee670d5c0b][T:2025-10-02 23:46:10.339275][J:de67ee28-8498-461e-a0c5-bf788cf7c9fe][A:train#cc362bf0-2fcf-4cb4-a279-35da6131ae46]received result from client 'site-1'
[E:a8400aea-7895-488b-b34e-71d73e1261ce][R:53b201f6-c403-4d9b-9ae2-362b6afd6697][T:2025-10-02 23:46:10.762916][J:de67ee28-8498-461e-a0c5-bf788cf7c9fe][A:train#9ecf258f-e53f-44cb-834f-13b693346ab8]received result from client 'site-4'
[E:b9db4ff3-e830-450d-ba3a-7b8dbb8abeb3][R:c4b2cf83-86d4-41a9-abdd-9c0a13af8f1c][T:2025-10-02 23:46:12.211225][J:de67ee28-8498-461e-a0c5-bf788cf7c9fe][A:train#13e4481d-0408-4ec0-9842-896a4388d6a5]received result from client 'site-7'
[E:f4b2bb1d-4054-41d2-8cbf-afbfeb2ac1c3][T:2025-10-02 23:46:12.245469][U:admin@ornl.gov][A:get_job_meta de67ee28-8498-461e-a0c5-bf788cf7c9fe]
[E:31e0148c-8bdd-4975-a122-ece6b5bbb46e][T:2025-10-02 23:46:14.258532][U:admin@ornl.gov][A:get_job_meta de67ee28-8498-461e-a0c5-bf788cf7c9fe]
[E:c5a7fbd3-d756-4fba-b1e3-67c30dec113f][T:2025-10-02 23:46:16.273217][U:admin@ornl.gov][A:get_job_meta de67ee28-8498-461e-a0c5-bf788cf7c9fe]
[E:7170a6c0-49a0-458e-ba97-5c281d9b0d79][R:4062bf87-e662-4792-aa96-089a9e5e3546][T:2025-10-02 23:46:17.462030][J:de67ee28-8498-461e-a0c5-bf788cf7c9fe][A:train#444277a3-a8ad-4e12-9d02-e84643311d95]received result from client 'site-6'
[E:8a1d9d8e-3742-4eae-97bf-2f472258f1f8][R:b79527df-898c-423d-ab4e-5f8c7c9c8798][T:2025-10-02 23:46:17.867549][J:de67ee28-8498-461e-a0c5-bf788cf7c9fe][A:train#fdf572bd-98e0-44c4-91c8-78e088658ef0]received result from client 'site-8'
[E:d6538b6b-9e06-48a1-a5ab-0c78bdf25dc7][R:11e4de04-8c45-41c1-94e3-2d7df26bdd95][T:2025-10-02 23:46:17.867728][J:de67ee28-8498-461e-a0c5-bf788cf7c9fe][A:train#793dcf17-9284-44ac-b1d2-661229482f0f]received result from client 'site-5'
[E:aec8e5d1-393a-46dc-8a49-d2809a0e831d][R:3a71762e-221d-4226-a1b0-3477dfe2b131][T:2025-10-02 23:46:17.872196][J:de67ee28-8498-461e-a0c5-bf788cf7c9fe][A:train#b489786c-e9b9-41fd-9840-0e4cf73192f8]received result from client 'site-2'
[E:c8caaba7-68a5-4088-91a5-eb3fc96bb78e][T:2025-10-02 23:46:18.287815][U:admin@ornl.gov][A:get_job_meta de67ee28-8498-461e-a0c5-bf788cf7c9fe]
[E:f1550e3f-f731-45e4-9155-8c900a16873b][T:2025-10-02 23:46:20.301578][U:admin@ornl.gov][A:get_job_meta de67ee28-8498-461e-a0c5-bf788cf7c9fe]
[E:057d0a6f-7878-41f4-88b7-7c16341bb334][T:2025-10-02 23:46:20.922379][U:admin@ornl.gov][A:delete_job f4b93d37-24b6-495e-b958-72a111c2f55c]
[E:01bc0f89-2870-4e41-a897-714f22a29225][T:2025-10-02 23:46:22.030672][J:de67ee28-8498-461e-a0c5-bf788cf7c9fe][A:train#71409589-8161-4a9d-a427-ab8e241205e6]sent task to client "site-7"
[E:a39098d2-b45b-4ce9-9c1c-d37463ba8dd1][T:2025-10-02 23:46:22.161102][J:de67ee28-8498-461e-a0c5-bf788cf7c9fe][A:train#6ce22264-17bb-458f-9d1e-3c516a91c3e8]sent task to client "site-6"
[E:b4b322cd-8364-4fe9-aacb-b36f9c63d41a][T:2025-10-02 23:46:22.316028][U:admin@ornl.gov][A:get_job_meta de67ee28-8498-461e-a0c5-bf788cf7c9fe]
[E:a413d15d-1470-4bfe-b54d-651ec7961bf9][T:2025-10-02 23:46:22.604815][J:de67ee28-8498-461e-a0c5-bf788cf7c9fe][A:train#3a082b64-e77c-4db9-9884-81b80af3f83a]sent task to client "site-8"
[E:63a356fe-a974-42ea-af1e-9d1f310c5f58][T:2025-10-02 23:46:23.179788][J:de67ee28-8498-461e-a0c5-bf788cf7c9fe][A:train#87f49b1c-9e1d-4ab2-94fe-b8ee6cee8236]sent task to client "site-1"
[E:1974b55f-2cb0-4d97-9bd8-b3d621d9746e][T:2025-10-02 23:46:23.229022][J:de67ee28-8498-461e-a0c5-bf788cf7c9fe][A:train#09259279-8f1e-4f2d-80a4-52eec541eb59]sent task to client "site-5"
[E:990f0ed1-ba70-4fb3-a878-236a59431b9e][T:2025-10-02 23:46:23.465147][J:de67ee28-8498-461e-a0c5-bf788cf7c9fe][A:train#1024453b-1e4b-4609-83f7-0cf0987b0124]sent task to client "site-3"
[E:5c065c74-a2d5-4822-8a5e-964308199836][T:2025-10-02 23:46:23.784468][J:de67ee28-8498-461e-a0c5-bf788cf7c9fe][A:train#c94ecbf9-3f8b-4d3f-a047-bf9e9b297688]sent task to client "site-4"
[E:2e2fbe14-5040-4f01-82ac-9be7dde94fa6][T:2025-10-02 23:46:24.061492][J:de67ee28-8498-461e-a0c5-bf788cf7c9fe][A:train#8a13e95b-ccfb-49b2-bd0a-6ebd06e564c9]sent task to client "site-2"
[E:7c0857bb-7e47-4e2a-86df-b507b32896ff][T:2025-10-02 23:46:24.330806][U:admin@ornl.gov][A:get_job_meta de67ee28-8498-461e-a0c5-bf788cf7c9fe]
[E:cfa410f5-5477-4039-84d7-398f6430b194][T:2025-10-02 23:46:26.352110][U:admin@ornl.gov][A:get_job_meta de67ee28-8498-461e-a0c5-bf788cf7c9fe]
[E:7062dcbf-be3f-48d2-bff1-e2e8934cfcef][T:2025-10-02 23:46:28.375094][U:admin@ornl.gov][A:get_job_meta de67ee28-8498-461e-a0c5-bf788cf7c9fe]
[E:2d7bf591-50a4-4c08-8d5a-c1af926d8e4b][T:2025-10-02 23:46:30.398570][U:admin@ornl.gov][A:get_job_meta de67ee28-8498-461e-a0c5-bf788cf7c9fe]
[E:2b33dc67-ca4b-4a36-a69a-67cd938da3da][T:2025-10-02 23:46:32.422253][U:admin@ornl.gov][A:get_job_meta de67ee28-8498-461e-a0c5-bf788cf7c9fe]
[E:b1d63a94-e196-491a-bafd-cc67b8a91d32][T:2025-10-02 23:46:34.441511][U:admin@ornl.gov][A:get_job_meta de67ee28-8498-461e-a0c5-bf788cf7c9fe]
[E:f2c7ae32-bf0f-46cf-92ec-67f2447afdca][T:2025-10-02 23:46:36.456077][U:admin@ornl.gov][A:get_job_meta de67ee28-8498-461e-a0c5-bf788cf7c9fe]
[E:bd197066-5f1a-4262-98b7-e61ab0b7c274][T:2025-10-02 23:46:38.470619][U:admin@ornl.gov][A:get_job_meta de67ee28-8498-461e-a0c5-bf788cf7c9fe]
[E:03c2519c-a27c-453a-a49e-1b1003a72172][T:2025-10-02 23:46:40.497336][U:admin@ornl.gov][A:get_job_meta de67ee28-8498-461e-a0c5-bf788cf7c9fe]
[E:dbd67517-4438-4026-b572-437632c1701d][T:2025-10-02 23:46:42.513155][U:admin@ornl.gov][A:get_job_meta de67ee28-8498-461e-a0c5-bf788cf7c9fe]
[E:509e5eb4-cff2-4348-be93-16ceff2bd79d][T:2025-10-02 23:46:44.527768][U:admin@ornl.gov][A:get_job_meta de67ee28-8498-461e-a0c5-bf788cf7c9fe]
[E:2e19373c-5c7b-462f-89ea-32076741b7fa][T:2025-10-02 23:46:46.542634][U:admin@ornl.gov][A:get_job_meta de67ee28-8498-461e-a0c5-bf788cf7c9fe]
[E:5362605b-b198-4430-bece-925962952d5a][T:2025-10-02 23:46:48.557470][U:admin@ornl.gov][A:get_job_meta de67ee28-8498-461e-a0c5-bf788cf7c9fe]
[E:e8f8395b-faab-4a0b-9ded-dd82a13a33b7][T:2025-10-02 23:46:50.572239][U:admin@ornl.gov][A:get_job_meta de67ee28-8498-461e-a0c5-bf788cf7c9fe]
[E:3e8cb0ea-15d2-455f-8863-67389c458e9a][T:2025-10-02 23:46:52.585627][U:admin@ornl.gov][A:get_job_meta de67ee28-8498-461e-a0c5-bf788cf7c9fe]
[E:a8ffebbf-c706-4ecf-849f-95e808e19eba][T:2025-10-02 23:46:54.600566][U:admin@ornl.gov][A:get_job_meta de67ee28-8498-461e-a0c5-bf788cf7c9fe]
[E:0a1ac9d1-83df-4c38-8b79-8cfb84b371ff][T:2025-10-02 23:46:56.615505][U:admin@ornl.gov][A:get_job_meta de67ee28-8498-461e-a0c5-bf788cf7c9fe]
[E:5196dd65-6eb1-46f3-a7c7-73308b9504c7][T:2025-10-02 23:46:58.630346][U:admin@ornl.gov][A:get_job_meta de67ee28-8498-461e-a0c5-bf788cf7c9fe]
[E:20ac8d0a-2611-4fc7-a234-cc15b9e7b47b][T:2025-10-02 23:47:00.644985][U:admin@ornl.gov][A:get_job_meta de67ee28-8498-461e-a0c5-bf788cf7c9fe]
[E:0d7ea9bf-ba94-42b4-a630-c56ce41761f1][T:2025-10-02 23:47:02.659646][U:admin@ornl.gov][A:get_job_meta de67ee28-8498-461e-a0c5-bf788cf7c9fe]
[E:e2c2b1fc-2868-4b7a-a6b2-d6ff7b8f714a][T:2025-10-02 23:47:03.940745][U:admin@ornl.gov][A:list_jobs]
[E:7c85a868-3bd3-46a4-b864-9e19cf0facd1][T:2025-10-02 23:47:04.673684][U:admin@ornl.gov][A:get_job_meta de67ee28-8498-461e-a0c5-bf788cf7c9fe]
[E:7a0929b9-013e-40cc-b10f-a4037bf2ce1e][T:2025-10-02 23:47:06.688037][U:admin@ornl.gov][A:get_job_meta de67ee28-8498-461e-a0c5-bf788cf7c9fe]
[E:621f575a-2bf1-45b8-bb30-b012b1a45533][T:2025-10-02 23:47:08.701805][U:admin@ornl.gov][A:get_job_meta de67ee28-8498-461e-a0c5-bf788cf7c9fe]
[E:b2be9bf7-3c1f-42d1-b494-abe61fc74f5b][T:2025-10-02 23:47:10.720033][U:admin@ornl.gov][A:get_job_meta de67ee28-8498-461e-a0c5-bf788cf7c9fe]
[E:9de32f3f-2ad2-49eb-9b74-a335e1fcaa60][T:2025-10-02 23:47:12.736105][U:admin@ornl.gov][A:get_job_meta de67ee28-8498-461e-a0c5-bf788cf7c9fe]
[E:5fc0b29f-fc68-4d93-b129-3abb5e6a6fe8][T:2025-10-02 23:47:14.751662][U:admin@ornl.gov][A:get_job_meta de67ee28-8498-461e-a0c5-bf788cf7c9fe]
[E:567de29c-2729-4a49-8d77-23de9a6b225a][T:2025-10-02 23:47:16.766555][U:admin@ornl.gov][A:get_job_meta de67ee28-8498-461e-a0c5-bf788cf7c9fe]
[E:27e12c01-37f6-4425-bb5e-9d2f915e4be7][T:2025-10-02 23:47:18.781482][U:admin@ornl.gov][A:get_job_meta de67ee28-8498-461e-a0c5-bf788cf7c9fe]
[E:7a189751-cb79-4c97-bc92-bc8d6d2bec19][T:2025-10-02 23:47:19.894139][U:admin@ornl.gov][A:abort_job de67ee28-8498-461e-a0c5-bf788cf7c9fe]
[E:dee450d1-d60e-4282-b8ea-e9043c972f9a][T:2025-10-02 23:47:20.796485][U:admin@ornl.gov][A:get_job_meta de67ee28-8498-461e-a0c5-bf788cf7c9fe]
[E:7fc0b5e8-6b22-4784-a134-7e7ca840fc9e][T:2025-10-02 23:47:22.811448][U:admin@ornl.gov][A:get_job_meta de67ee28-8498-461e-a0c5-bf788cf7c9fe]
[E:bcad3b29-62c9-4338-bee3-bb9e666c58b3][T:2025-10-02 23:47:24.826539][U:admin@ornl.gov][A:get_job_meta de67ee28-8498-461e-a0c5-bf788cf7c9fe]
[E:9ef1d644-0cad-4348-8f51-b8f351830b13][T:2025-10-02 23:47:24.838475][U:admin@ornl.gov][A:job_mgmt.download_job de67ee28-8498-461e-a0c5-bf788cf7c9fe]
[E:4a9fe218-2669-4283-9fd1-fb2a66350876][T:2025-10-02 23:47:24.852740][U:admin@ornl.gov][A:download_job_file 039e7778-4112-44a5-a1ba-9ae04167e6d2 de67ee28-8498-461e-a0c5-bf788cf7c9fe job.zip]
[E:d69db9f6-e8bd-4c9e-898c-4d0f856097ba][T:2025-10-02 23:47:24.879083][U:admin@ornl.gov][A:download_job_file 039e7778-4112-44a5-a1ba-9ae04167e6d2 de67ee28-8498-461e-a0c5-bf788cf7c9fe meta.jso]
[E:aa0ce5c3-7e5c-41f7-8318-1c4ada2c2aaa][T:2025-10-02 23:47:24.893607][U:admin@ornl.gov][A:shutdown client]
[E:50f6a115-be9f-486f-8c09-704cf2727a3c][T:2025-10-02 23:47:25.899557][U:admin@ornl.gov][A:shutdown server]
